Using pre-set license
Built from '2021.3/staging' branch; Version is '2021.3.9f1 (ad3870b89536) revision 11352176'; Using compiler version '192829333'; Build Type 'Release'
OS: 'Windows 10  (10.0.19044) 64bit Professional' Language: 'en' Physical Memory: 16312 MB
BatchMode: 1, IsHumanControllingUs: 0, StartBugReporterOnCrash: 0, Is64bit: 1, IsPro: 1

COMMAND LINE ARGUMENTS:
E:\Unity Hub\Editor\2021.3.9f1\Editor\Unity.exe
-adb2
-batchMode
-noUpm
-name
AssetImportWorker1
-projectPath
C:/Users/admin/Documents/GitHub/example_game/Game
-logFile
Logs/AssetImportWorker1.log
-srvPort
50516
Successfully changed project path to: C:/Users/admin/Documents/GitHub/example_game/Game
C:/Users/admin/Documents/GitHub/example_game/Game
[UnityMemory] Configuration Parameters - Can be set up in boot.config
    "memorysetup-bucket-allocator-granularity=16"
    "memorysetup-bucket-allocator-bucket-count=8"
    "memorysetup-bucket-allocator-block-size=33554432"
    "memorysetup-bucket-allocator-block-count=8"
    "memorysetup-main-allocator-block-size=16777216"
    "memorysetup-thread-allocator-block-size=16777216"
    "memorysetup-gfx-main-allocator-block-size=16777216"
    "memorysetup-gfx-thread-allocator-block-size=16777216"
    "memorysetup-cache-allocator-block-size=4194304"
    "memorysetup-typetree-allocator-block-size=2097152"
    "memorysetup-profiler-bucket-allocator-granularity=16"
    "memorysetup-profiler-bucket-allocator-bucket-count=8"
    "memorysetup-profiler-bucket-allocator-block-size=33554432"
    "memorysetup-profiler-bucket-allocator-block-count=8"
    "memorysetup-profiler-allocator-block-size=16777216"
    "memorysetup-profiler-editor-allocator-block-size=1048576"
    "memorysetup-temp-allocator-size-main=16777216"
    "memorysetup-job-temp-allocator-block-size=2097152"
    "memorysetup-job-temp-allocator-block-size-background=1048576"
    "memorysetup-job-temp-allocator-reduction-small-platforms=262144"
    "memorysetup-temp-allocator-size-background-worker=32768"
    "memorysetup-temp-allocator-size-job-worker=262144"
    "memorysetup-temp-allocator-size-preload-manager=33554432"
    "memorysetup-temp-allocator-size-nav-mesh-worker=65536"
    "memorysetup-temp-allocator-size-audio-worker=65536"
    "memorysetup-temp-allocator-size-cloud-worker=32768"
    "memorysetup-temp-allocator-size-gi-baking-worker=262144"
    "memorysetup-temp-allocator-size-gfx=262144"
Refreshing native plugins compatible for Editor in 103.03 ms, found 7 plugins.
Preloading 0 native plugins for Editor in 0.00 ms.
Initialize engine version: 2021.3.9f1 (ad3870b89536)
[Subsystems] Discovering subsystems at path E:/Unity Hub/Editor/2021.3.9f1/Editor/Data/Resources/UnitySubsystems
[Subsystems] Discovering subsystems at path C:/Users/admin/Documents/GitHub/example_game/Game/Assets
GfxDevice: creating device client; threaded=0; jobified=0
Direct3D:
    Version:  Direct3D 11.0 [level 11.1]
    Renderer: NVIDIA GeForce GTX 1660 SUPER (ID=0x21c4)
    Vendor:   NVIDIA
    VRAM:     5991 MB
    Driver:   31.0.15.1740
Initialize mono
Mono path[0] = 'E:/Unity Hub/Editor/2021.3.9f1/Editor/Data/Managed'
Mono path[1] = 'E:/Unity Hub/Editor/2021.3.9f1/Editor/Data/MonoBleedingEdge/lib/mono/unityjit-win32'
Mono config path = 'E:/Unity Hub/Editor/2021.3.9f1/Editor/Data/MonoBleedingEdge/etc'
Using monoOptions --debugger-agent=transport=dt_socket,embedding=1,server=y,suspend=n,address=127.0.0.1:56244
Begin MonoManager ReloadAssembly
Registering precompiled unity dll's ...
Register platform support module: E:/Unity Hub/Editor/2021.3.9f1/Editor/Data/PlaybackEngines/WebGLSupport/UnityEditor.WebGL.Extensions.dll
Register platform support module: E:/Unity Hub/Editor/2021.3.9f1/Editor/Data/PlaybackEngines/WindowsStandaloneSupport/UnityEditor.WindowsStandalone.Extensions.dll
Registered in 0.002962 seconds.
Native extension for WindowsStandalone target not found
Native extension for WebGL target not found
Refreshing native plugins compatible for Editor in 106.44 ms, found 7 plugins.
Preloading 0 native plugins for Editor in 0.00 ms.
Mono: successfully reloaded assembly
- Completed reload, in  0.603 seconds
Domain Reload Profiling:
	ReloadAssembly (603ms)
		BeginReloadAssembly (57ms)
			ExecutionOrderSort (0ms)
			DisableScriptedObjects (0ms)
			BackupInstance (0ms)
			ReleaseScriptingObjects (0ms)
			CreateAndSetChildDomain (1ms)
		EndReloadAssembly (454ms)
			LoadAssemblies (56ms)
			RebuildTransferFunctionScriptingTraits (0ms)
			SetupTypeCache (104ms)
			ReleaseScriptCaches (0ms)
			RebuildScriptCaches (26ms)
			SetupLoadedEditorAssemblies (279ms)
				LogAssemblyErrors (0ms)
				InitializePlatformSupportModulesInManaged (7ms)
				SetLoadedEditorAssemblies (0ms)
				RefreshPlugins (107ms)
				BeforeProcessingInitializeOnLoad (1ms)
				ProcessInitializeOnLoadAttributes (119ms)
				ProcessInitializeOnLoadMethodAttributes (46ms)
				AfterProcessingInitializeOnLoad (0ms)
				EditorAssembliesLoaded (0ms)
			ExecutionOrderSort2 (0ms)
			AwakeInstancesAfterBackupRestoration (0ms)
Platform modules already initialized, skipping
Registering precompiled user dll's ...
Registered in 0.006481 seconds.
Begin MonoManager ReloadAssembly
Symbol file LoadedFromMemory doesn't match image C:\Users\admin\Documents\GitHub\example_game\Game\Library\PackageCache\com.unity.visualscripting@1.7.8\Editor\VisualScripting.Core\Dependencies\DotNetZip\Unity.VisualScripting.IonicZip.dll
Symbol file LoadedFromMemory doesn't match image C:\Users\admin\Documents\GitHub\example_game\Game\Library\PackageCache\com.unity.visualscripting@1.7.8\Editor\VisualScripting.Core\Dependencies\YamlDotNet\Unity.VisualScripting.YamlDotNet.dll
Native extension for WindowsStandalone target not found
Native extension for WebGL target not found
Refreshing native plugins compatible for Editor in 123.53 ms, found 7 plugins.
Preloading 0 native plugins for Editor in 0.00 ms.
Mono: successfully reloaded assembly
- Completed reload, in  1.305 seconds
Domain Reload Profiling:
	ReloadAssembly (1305ms)
		BeginReloadAssembly (94ms)
			ExecutionOrderSort (0ms)
			DisableScriptedObjects (5ms)
			BackupInstance (0ms)
			ReleaseScriptingObjects (0ms)
			CreateAndSetChildDomain (17ms)
		EndReloadAssembly (1103ms)
			LoadAssemblies (74ms)
			RebuildTransferFunctionScriptingTraits (0ms)
			SetupTypeCache (258ms)
			ReleaseScriptCaches (1ms)
			RebuildScriptCaches (64ms)
			SetupLoadedEditorAssemblies (621ms)
				LogAssemblyErrors (0ms)
				InitializePlatformSupportModulesInManaged (4ms)
				SetLoadedEditorAssemblies (0ms)
				RefreshPlugins (124ms)
				BeforeProcessingInitializeOnLoad (98ms)
				ProcessInitializeOnLoadAttributes (310ms)
				ProcessInitializeOnLoadMethodAttributes (82ms)
				AfterProcessingInitializeOnLoad (3ms)
				EditorAssembliesLoaded (0ms)
			ExecutionOrderSort2 (0ms)
			AwakeInstancesAfterBackupRestoration (8ms)
Platform modules already initialized, skipping
========================================================================
Worker process is ready to serve import requests
Launched and connected shader compiler UnityShaderCompiler.exe after 0.03 seconds
Refreshing native plugins compatible for Editor in 1.68 ms, found 7 plugins.
Preloading 0 native plugins for Editor in 0.00 ms.
Unloading 5552 Unused Serialized files (Serialized files now loaded: 0)
Unloading 80 unused Assets / (1.8 MB). Loaded Objects now: 5987.
Memory consumption went from 230.3 MB to 228.5 MB.
Total: 5.701700 ms (FindLiveObjects: 0.627600 ms CreateObjectMapping: 0.533400 ms MarkObjects: 3.901800 ms  DeleteObjects: 0.637500 ms)

AssetImportParameters requested are different than current active one (requested -> active):
  custom:video-decoder-ogg-theora: a1e56fd34408186e4bbccfd4996cb3dc -> 
  custom:container-muxer-webm: aa71ff27fc2769a1b78a27578f13a17b -> 
  custom:container-demuxer-webm: 4f35f7cbe854078d1ac9338744f61a02 -> 
  custom:video-encoder-webm-vp8: eb34c28f22e8b96e1ab97ce403110664 -> 
  custom:audio-encoder-webm-vorbis: bf7c407c2cedff20999df2af8eb42d56 -> 
  custom:framework-win-MediaFoundation: 216162199b28c13a410421893ffa2e32 -> 
  custom:container-demuxer-ogg: 62fdf1f143b41e24485cea50d1cbac27 -> 
  custom:video-decoder-webm-vp8: 9c59270c3fd7afecdb556c50c9e8de78 -> 
  custom:audio-decoder-ogg-vorbis: bf7c407c2cedff20999df2af8eb42d56 -> 
========================================================================
Received Import Request.
  Time since last request: 13368.794402 seconds.
  path: Assets/TextMesh Pro/Examples & Extras/Textures/Brushed Metal 3.jpg
  artifactKey: Guid(f88677df267a41d6be1e7a6133e7d227) Importer(815301076,1909f56bfc062723c751e8b465ee728b)
Start importing Assets/TextMesh Pro/Examples & Extras/Textures/Brushed Metal 3.jpg using Guid(f88677df267a41d6be1e7a6133e7d227) Importer(815301076,1909f56bfc062723c751e8b465ee728b)  -> (artifact id: 'f84427d13285395b55bebbacb88d046c') in 0.091882 seconds 
========================================================================
Received Import Request.
  Time since last request: 1.565737 seconds.
  path: Assets/Charachters/mainCharachter/Alex/Scripts/CrossPlatformInput/Sprites/ButtonAcceleratorUpSprite.png
  artifactKey: Guid(f588d850485d0ae479d73cf3bd0b7b00) Importer(815301076,1909f56bfc062723c751e8b465ee728b)
Start importing Assets/Charachters/mainCharachter/Alex/Scripts/CrossPlatformInput/Sprites/ButtonAcceleratorUpSprite.png using Guid(f588d850485d0ae479d73cf3bd0b7b00) Importer(815301076,1909f56bfc062723c751e8b465ee728b)  -> (artifact id: '75b286b2d1cfe5c3dac054a95de99d57') in 0.062958 seconds 
========================================================================
Received Import Request.
  Time since last request: 0.000029 seconds.
  path: Assets/Charachters/mainCharachter/Alex/Scripts/CrossPlatformInput/Sprites/ButtonBrakeUpSprite.png
  artifactKey: Guid(827c9cd4a3943534f909ac6473e17288) Importer(815301076,1909f56bfc062723c751e8b465ee728b)
Start importing Assets/Charachters/mainCharachter/Alex/Scripts/CrossPlatformInput/Sprites/ButtonBrakeUpSprite.png using Guid(827c9cd4a3943534f909ac6473e17288) Importer(815301076,1909f56bfc062723c751e8b465ee728b)  -> (artifact id: 'ed59987f536bac0eec9982e74da2504d') in 0.034292 seconds 
========================================================================
Received Import Request.
  Time since last request: 0.000039 seconds.
  path: Assets/Charachters/mainCharachter/Alex/Scripts/CrossPlatformInput/Sprites/ButtonThumbstickOverSprite.png
  artifactKey: Guid(5485e2f56028a3c4cb54f5caa167377e) Importer(815301076,1909f56bfc062723c751e8b465ee728b)
Start importing Assets/Charachters/mainCharachter/Alex/Scripts/CrossPlatformInput/Sprites/ButtonThumbstickOverSprite.png using Guid(5485e2f56028a3c4cb54f5caa167377e) Importer(815301076,1909f56bfc062723c751e8b465ee728b)  -> (artifact id: '4891347082f49623cd38e218a170a7ed') in 0.030533 seconds 
========================================================================
Received Import Request.
  Time since last request: 0.000025 seconds.
  path: Assets/Charachters/mainCharachter/Alex/Scripts/CrossPlatformInput/Sprites/ButtonTimescaleSlowUpSprite.png
  artifactKey: Guid(9d7c6e4896067aa4fa512a00f692ac1c) Importer(815301076,1909f56bfc062723c751e8b465ee728b)
Start importing Assets/Charachters/mainCharachter/Alex/Scripts/CrossPlatformInput/Sprites/ButtonTimescaleSlowUpSprite.png using Guid(9d7c6e4896067aa4fa512a00f692ac1c) Importer(815301076,1909f56bfc062723c751e8b465ee728b)  -> (artifact id: 'b47f6419ba8aa250b719c015e101b483') in 0.029754 seconds 
========================================================================
Received Import Request.
  Time since last request: 0.000020 seconds.
  path: Assets/Charachters/mainCharachter/Alex/Scripts/CrossPlatformInput/Sprites/ButtonThumbstickUpSprite.png
  artifactKey: Guid(9866a92691696b346901281f2b329034) Importer(815301076,1909f56bfc062723c751e8b465ee728b)
Start importing Assets/Charachters/mainCharachter/Alex/Scripts/CrossPlatformInput/Sprites/ButtonThumbstickUpSprite.png using Guid(9866a92691696b346901281f2b329034) Importer(815301076,1909f56bfc062723c751e8b465ee728b)  -> (artifact id: 'b3f31bef4477b5e93074e55700b9b020') in 0.027470 seconds 
========================================================================
Received Import Request.
  Time since last request: 0.000023 seconds.
  path: Assets/Charachters/mainCharachter/Alex/Scripts/CrossPlatformInput/Sprites/ButtonArrowUpSprite.png
  artifactKey: Guid(4db017495c69e8140a56a0e2b669e3f8) Importer(815301076,1909f56bfc062723c751e8b465ee728b)
Start importing Assets/Charachters/mainCharachter/Alex/Scripts/CrossPlatformInput/Sprites/ButtonArrowUpSprite.png using Guid(4db017495c69e8140a56a0e2b669e3f8) Importer(815301076,1909f56bfc062723c751e8b465ee728b)  -> (artifact id: '998636dc6da4627dab4ef0206574537d') in 0.031174 seconds 
========================================================================
Received Import Request.
  Time since last request: 0.553868 seconds.
  path: Assets/TextMesh Pro/Sprites/EmojiOne.png
  artifactKey: Guid(dffef66376be4fa480fb02b19edbe903) Importer(815301076,1909f56bfc062723c751e8b465ee728b)
Start importing Assets/TextMesh Pro/Sprites/EmojiOne.png using Guid(dffef66376be4fa480fb02b19edbe903) Importer(815301076,1909f56bfc062723c751e8b465ee728b)  -> (artifact id: 'f05d862f0c64b34e499606b82dc2d55a') in 0.013444 seconds 
========================================================================
Received Import Request.
  Time since last request: 0.000026 seconds.
  path: Assets/Charachters/mainCharachter/Alex/Textures/EthanNormals.png
  artifactKey: Guid(3b5b7be0f2332c24f89a2af018daa62d) Importer(815301076,1909f56bfc062723c751e8b465ee728b)
Start importing Assets/Charachters/mainCharachter/Alex/Textures/EthanNormals.png using Guid(3b5b7be0f2332c24f89a2af018daa62d) Importer(815301076,1909f56bfc062723c751e8b465ee728b)  -> (artifact id: '6e32d4d1cdec3fa261330dee1b6ed212') in 0.101806 seconds 
========================================================================
Received Import Request.
  Time since last request: 0.000027 seconds.
  path: Assets/TextMesh Pro/Examples & Extras/Textures/Gradient Diagonal (Color).jpg
  artifactKey: Guid(2ce5c55e85304b819a1826ecbc839aa5) Importer(815301076,1909f56bfc062723c751e8b465ee728b)
Start importing Assets/TextMesh Pro/Examples & Extras/Textures/Gradient Diagonal (Color).jpg using Guid(2ce5c55e85304b819a1826ecbc839aa5) Importer(815301076,1909f56bfc062723c751e8b465ee728b)  -> (artifact id: 'a3ad0eddb1a144d97a729f9de581d983') in 0.019269 seconds 
========================================================================
Received Import Request.
  Time since last request: 0.000030 seconds.
  path: Assets/Mat/SubstanceMat/hell_lava_ground_01_graph_0/hell_lava_ground_01_height.tga
  artifactKey: Guid(90be017090480444aa102a8c660042d8) Importer(815301076,1909f56bfc062723c751e8b465ee728b)
Start importing Assets/Mat/SubstanceMat/hell_lava_ground_01_graph_0/hell_lava_ground_01_height.tga using Guid(90be017090480444aa102a8c660042d8) Importer(815301076,1909f56bfc062723c751e8b465ee728b)  -> (artifact id: 'fe34bbb0706dbf984bc29fe7a3c304f8') in 0.080106 seconds 
========================================================================
Received Import Request.
  Time since last request: 0.000028 seconds.
  path: Assets/Plugins/HoudiniEngineUnity/Resources/heu_bakegameobjectIcon.png
  artifactKey: Guid(d96e514e0bd388b42af222aab55814eb) Importer(815301076,1909f56bfc062723c751e8b465ee728b)
Start importing Assets/Plugins/HoudiniEngineUnity/Resources/heu_bakegameobjectIcon.png using Guid(d96e514e0bd388b42af222aab55814eb) Importer(815301076,1909f56bfc062723c751e8b465ee728b)  -> (artifact id: '6ba9ad7f42024f091cbe7d04121371be') in 0.018007 seconds 
========================================================================
Received Import Request.
  Time since last request: 0.000023 seconds.
  path: Assets/Mat/SubstanceMat/hell_lava_ground_01_graph_0/hell_lava_ground_01_emissive.tga
  artifactKey: Guid(e4adfc7f2e313194bb9fa9cf24cca88f) Importer(815301076,1909f56bfc062723c751e8b465ee728b)
Start importing Assets/Mat/SubstanceMat/hell_lava_ground_01_graph_0/hell_lava_ground_01_emissive.tga using Guid(e4adfc7f2e313194bb9fa9cf24cca88f) Importer(815301076,1909f56bfc062723c751e8b465ee728b)  -> (artifact id: '9130b070bea0270a7b0cb330df0f1d35') in 0.034514 seconds 
========================================================================
Received Import Request.
  Time since last request: 0.000023 seconds.
  path: Assets/Mat/SubstanceMat/hell_lava_ground_01_graph_0/hell_lava_ground_01_metallic.tga
  artifactKey: Guid(829e2cc7e880d0747b334eba6a2acced) Importer(815301076,1909f56bfc062723c751e8b465ee728b)
Start importing Assets/Mat/SubstanceMat/hell_lava_ground_01_graph_0/hell_lava_ground_01_metallic.tga using Guid(829e2cc7e880d0747b334eba6a2acced) Importer(815301076,1909f56bfc062723c751e8b465ee728b)  -> (artifact id: 'd6aef6e78ddc324f1d56554658f64417') in 0.017779 seconds 
========================================================================
Received Import Request.
  Time since last request: 0.000040 seconds.
  path: Assets/Plugins/HoudiniEngineUnity/Resources/heu_bakeprefabIcon.png
  artifactKey: Guid(b3b8fb6d687437d4d969f3b3d095c5d8) Importer(815301076,1909f56bfc062723c751e8b465ee728b)
Start importing Assets/Plugins/HoudiniEngineUnity/Resources/heu_bakeprefabIcon.png using Guid(b3b8fb6d687437d4d969f3b3d095c5d8) Importer(815301076,1909f56bfc062723c751e8b465ee728b)  -> (artifact id: 'e1138064fe9bf2a66cd059de29c2cd75') in 0.018953 seconds 
========================================================================
Received Import Request.
  Time since last request: 0.000030 seconds.
  path: Assets/Plugins/HoudiniEngineUnity/Resources/heu_duplicateassetIcon.png
  artifactKey: Guid(1d1e32eb578e2eb4a8fdc7147d6d5d66) Importer(815301076,1909f56bfc062723c751e8b465ee728b)
Start importing Assets/Plugins/HoudiniEngineUnity/Resources/heu_duplicateassetIcon.png using Guid(1d1e32eb578e2eb4a8fdc7147d6d5d66) Importer(815301076,1909f56bfc062723c751e8b465ee728b)  -> (artifact id: 'd1509e2edba3316c1cee6366ff2c10d2') in 0.019842 seconds 
========================================================================
Received Import Request.
  Time since last request: 0.000038 seconds.
  path: Assets/Mat/SubstanceMat/hell_lava_ground_01_graph_0/hell_lava_ground_01_basecolor.tga
  artifactKey: Guid(2e48b0caf6f10904c89f1e7bb86097d9) Importer(815301076,1909f56bfc062723c751e8b465ee728b)
Start importing Assets/Mat/SubstanceMat/hell_lava_ground_01_graph_0/hell_lava_ground_01_basecolor.tga using Guid(2e48b0caf6f10904c89f1e7bb86097d9) Importer(815301076,1909f56bfc062723c751e8b465ee728b)  -> (artifact id: '003117b6ce9aacbde90d9058706d0abc') in 0.019326 seconds 
========================================================================
Received Import Request.
  Time since last request: 0.526560 seconds.
  path: Assets/Plugins/HoudiniEngineUnity/Resources/heu_reloadhdaIcon.png
  artifactKey: Guid(a64706b650acb204e84fbb7d1143ac14) Importer(815301076,1909f56bfc062723c751e8b465ee728b)
Start importing Assets/Plugins/HoudiniEngineUnity/Resources/heu_reloadhdaIcon.png using Guid(a64706b650acb204e84fbb7d1143ac14) Importer(815301076,1909f56bfc062723c751e8b465ee728b)  -> (artifact id: '800b9837f3b7ec9042768f87e247b85f') in 0.013850 seconds 
========================================================================
Received Import Request.
  Time since last request: 0.000023 seconds.
  path: Assets/Plugins/HoudiniEngineUnity/Resources/heu_resetparametersIcon.png
  artifactKey: Guid(c95a07a3675ec274e89419ed3072ab9d) Importer(815301076,1909f56bfc062723c751e8b465ee728b)
Start importing Assets/Plugins/HoudiniEngineUnity/Resources/heu_resetparametersIcon.png using Guid(c95a07a3675ec274e89419ed3072ab9d) Importer(815301076,1909f56bfc062723c751e8b465ee728b)  -> (artifact id: '50866b1a0b49ff687bd0355929449924') in 0.014911 seconds 
========================================================================
Received Import Request.
  Time since last request: 0.023194 seconds.
  path: Assets/Plugins/HoudiniEngineUnity/Resources/heu_ui_section_box.png
  artifactKey: Guid(64328c0f7f7147c40825d020c1cbcd5e) Importer(815301076,1909f56bfc062723c751e8b465ee728b)
Start importing Assets/Plugins/HoudiniEngineUnity/Resources/heu_ui_section_box.png using Guid(64328c0f7f7147c40825d020c1cbcd5e) Importer(815301076,1909f56bfc062723c751e8b465ee728b)  -> (artifact id: '6b55fe8d5da5b7ca17ef3b4eca2aa60c') in 0.014755 seconds 
========================================================================
Received Import Request.
  Time since last request: 0.000021 seconds.
  path: Assets/Plugins/HoudiniEngineUnity/Resources/heu_ui_window.png
  artifactKey: Guid(7f021754f02ab994293274df173b5008) Importer(815301076,1909f56bfc062723c751e8b465ee728b)
Start importing Assets/Plugins/HoudiniEngineUnity/Resources/heu_ui_window.png using Guid(7f021754f02ab994293274df173b5008) Importer(815301076,1909f56bfc062723c751e8b465ee728b)  -> (artifact id: '84fbb90c743df0cda7add8ced0173e08') in 0.015951 seconds 
========================================================================
Received Import Request.
  Time since last request: 0.011182 seconds.
  path: Assets/Plugins/HoudiniEngineUnity/Resources/heu_ui_window_flat.png
  artifactKey: Guid(79476bddf0cfb5d488f326b560fd7d00) Importer(815301076,1909f56bfc062723c751e8b465ee728b)
Start importing Assets/Plugins/HoudiniEngineUnity/Resources/heu_ui_window_flat.png using Guid(79476bddf0cfb5d488f326b560fd7d00) Importer(815301076,1909f56bfc062723c751e8b465ee728b)  -> (artifact id: '8355230468b8b3dacf74cae7a4e8c561') in 0.017760 seconds 
========================================================================
Received Import Request.
  Time since last request: 0.000019 seconds.
  path: Assets/Envirement/HQ_BigRock/ModelAndTextures/HQBigRock_d.tga
  artifactKey: Guid(a1521ef7039ea8e4985731b2b31f28b3) Importer(815301076,1909f56bfc062723c751e8b465ee728b)
Start importing Assets/Envirement/HQ_BigRock/ModelAndTextures/HQBigRock_d.tga using Guid(a1521ef7039ea8e4985731b2b31f28b3) Importer(815301076,1909f56bfc062723c751e8b465ee728b)  -> (artifact id: 'ea5d13fb29e0185f7d9fbd40089149b3') in 0.014169 seconds 
========================================================================
Received Import Request.
  Time since last request: 0.000021 seconds.
  path: Assets/Textures/UndergroundTerrain/lavaterrain.UNderground_Texutre.0001.png
  artifactKey: Guid(c512066781f5e4d4a8ff6bf0581c25a7) Importer(815301076,1909f56bfc062723c751e8b465ee728b)
Start importing Assets/Textures/UndergroundTerrain/lavaterrain.UNderground_Texutre.0001.png using Guid(c512066781f5e4d4a8ff6bf0581c25a7) Importer(815301076,1909f56bfc062723c751e8b465ee728b)  -> (artifact id: '49ebba3254bc1efca85006c71be93ec9') in 0.025536 seconds 
========================================================================
Received Import Request.
  Time since last request: 0.000027 seconds.
  path: Assets/Adobe/Substance3DForUnity/Editor/Assets/Logo_16.png
  artifactKey: Guid(f582f763e5df3c241b43ca4f4eac7f4c) Importer(815301076,1909f56bfc062723c751e8b465ee728b)
Start importing Assets/Adobe/Substance3DForUnity/Editor/Assets/Logo_16.png using Guid(f582f763e5df3c241b43ca4f4eac7f4c) Importer(815301076,1909f56bfc062723c751e8b465ee728b)  -> (artifact id: '2109374ce520b40d80f3f88c5bb4895c') in 0.020273 seconds 
========================================================================
Received Import Request.
  Time since last request: 0.051171 seconds.
  path: Assets/Adobe/Substance3DForUnity/Editor/Assets/Logo_128.png
  artifactKey: Guid(30be34334090e2b478db7867a8d81934) Importer(815301076,1909f56bfc062723c751e8b465ee728b)
Start importing Assets/Adobe/Substance3DForUnity/Editor/Assets/Logo_128.png using Guid(30be34334090e2b478db7867a8d81934) Importer(815301076,1909f56bfc062723c751e8b465ee728b)  -> (artifact id: '58c0958dfd81d89572913ef626ccfa71') in 0.020349 seconds 
========================================================================
Received Import Request.
  Time since last request: 0.000023 seconds.
  path: Assets/Charachters/mainCharachter/Alex/FREE_HumanLowPoly/Textures_Humans/LowPolyArmorTexture.png
  artifactKey: Guid(b2377c5920b3a8b4f9e683b0edbfa8f0) Importer(815301076,1909f56bfc062723c751e8b465ee728b)
Start importing Assets/Charachters/mainCharachter/Alex/FREE_HumanLowPoly/Textures_Humans/LowPolyArmorTexture.png using Guid(b2377c5920b3a8b4f9e683b0edbfa8f0) Importer(815301076,1909f56bfc062723c751e8b465ee728b)  -> (artifact id: 'a05ae44b3d0e07274d913358ee771d30') in 0.011733 seconds 
========================================================================
Received Import Request.
  Time since last request: 0.046160 seconds.
  path: Assets/TextMesh Pro/Examples & Extras/Textures/Mask Zig-n-Zag.psd
  artifactKey: Guid(bb8dfcd263ad4eb383a33d74a720be6f) Importer(815301076,1909f56bfc062723c751e8b465ee728b)
Start importing Assets/TextMesh Pro/Examples & Extras/Textures/Mask Zig-n-Zag.psd using Guid(bb8dfcd263ad4eb383a33d74a720be6f) Importer(815301076,1909f56bfc062723c751e8b465ee728b)  -> (artifact id: '69f811498899858127b546fc2c82d6e3') in 0.018119 seconds 
========================================================================
Received Import Request.
  Time since last request: 0.055360 seconds.
  path: Assets/Tools/PBR Pickaxe/Textures/Pickaxe_ColorID.png
  artifactKey: Guid(ec8002dafb246e845a26c9c85c0dcb8c) Importer(815301076,1909f56bfc062723c751e8b465ee728b)
Start importing Assets/Tools/PBR Pickaxe/Textures/Pickaxe_ColorID.png using Guid(ec8002dafb246e845a26c9c85c0dcb8c) Importer(815301076,1909f56bfc062723c751e8b465ee728b)  -> (artifact id: '014f80bd74b7996e71b665fbb399d5f3') in 0.020041 seconds 
========================================================================
Received Import Request.
  Time since last request: 0.000025 seconds.
  path: Assets/Tools/PBR Pickaxe/Textures/Pickaxe_MetallicSmoothness.tga
  artifactKey: Guid(e13507000d5ceea4b895625d128d5e2c) Importer(815301076,1909f56bfc062723c751e8b465ee728b)
Start importing Assets/Tools/PBR Pickaxe/Textures/Pickaxe_MetallicSmoothness.tga using Guid(e13507000d5ceea4b895625d128d5e2c) Importer(815301076,1909f56bfc062723c751e8b465ee728b)  -> (artifact id: 'd92c5d2ebce610f3b6ec283ebf3faad1') in 0.017566 seconds 
========================================================================
Received Import Request.
  Time since last request: 0.075457 seconds.
  path: Assets/Textures/UndergroundTerrain/rocks.jpg
  artifactKey: Guid(154f5ea53e6fd6941b4fd1db2a148d9a) Importer(815301076,1909f56bfc062723c751e8b465ee728b)
Start importing Assets/Textures/UndergroundTerrain/rocks.jpg using Guid(154f5ea53e6fd6941b4fd1db2a148d9a) Importer(815301076,1909f56bfc062723c751e8b465ee728b)  -> (artifact id: '5d022119a4b6bdc298a87f7795106994') in 0.026579 seconds 
Editor requested this worker to shutdown with reason: Scaling down because of idle timeout
AssetImportWorker is now disconnected from the server
Process exiting
Exiting without the bug reporter. Application will terminate with return code 0