Using pre-set license
Built from '2021.3/staging' branch; Version is '2021.3.9f1 (ad3870b89536) revision 11352176'; Using compiler version '192829333'; Build Type 'Release'
OS: 'Windows 10  (10.0.19044) 64bit Professional' Language: 'en' Physical Memory: 65417 MB
BatchMode: 1, IsHumanControllingUs: 0, StartBugReporterOnCrash: 0, Is64bit: 1, IsPro: 1

COMMAND LINE ARGUMENTS:
C:\Program Files\Unity\Hub\Editor\2021.3.9f1\Editor\Unity.exe
-adb2
-batchMode
-noUpm
-name
AssetImportWorker4
-projectPath
C:/Users/Exo/Documents/GitHub/example_game/Game
-logFile
Logs/AssetImportWorker4.log
-srvPort
52347
Successfully changed project path to: C:/Users/Exo/Documents/GitHub/example_game/Game
C:/Users/Exo/Documents/GitHub/example_game/Game
[UnityMemory] Configuration Parameters - Can be set up in boot.config
    "memorysetup-bucket-allocator-granularity=16"
    "memorysetup-bucket-allocator-bucket-count=8"
    "memorysetup-bucket-allocator-block-size=33554432"
    "memorysetup-bucket-allocator-block-count=8"
    "memorysetup-main-allocator-block-size=16777216"
    "memorysetup-thread-allocator-block-size=16777216"
    "memorysetup-gfx-main-allocator-block-size=16777216"
    "memorysetup-gfx-thread-allocator-block-size=16777216"
    "memorysetup-cache-allocator-block-size=4194304"
    "memorysetup-typetree-allocator-block-size=2097152"
    "memorysetup-profiler-bucket-allocator-granularity=16"
    "memorysetup-profiler-bucket-allocator-bucket-count=8"
    "memorysetup-profiler-bucket-allocator-block-size=33554432"
    "memorysetup-profiler-bucket-allocator-block-count=8"
    "memorysetup-profiler-allocator-block-size=16777216"
    "memorysetup-profiler-editor-allocator-block-size=1048576"
    "memorysetup-temp-allocator-size-main=16777216"
    "memorysetup-job-temp-allocator-block-size=2097152"
    "memorysetup-job-temp-allocator-block-size-background=1048576"
    "memorysetup-job-temp-allocator-reduction-small-platforms=262144"
    "memorysetup-temp-allocator-size-background-worker=32768"
    "memorysetup-temp-allocator-size-job-worker=262144"
    "memorysetup-temp-allocator-size-preload-manager=33554432"
    "memorysetup-temp-allocator-size-nav-mesh-worker=65536"
    "memorysetup-temp-allocator-size-audio-worker=65536"
    "memorysetup-temp-allocator-size-cloud-worker=32768"
    "memorysetup-temp-allocator-size-gi-baking-worker=262144"
    "memorysetup-temp-allocator-size-gfx=262144"
Refreshing native plugins compatible for Editor in 85.27 ms, found 7 plugins.
Preloading 0 native plugins for Editor in 0.00 ms.
Initialize engine version: 2021.3.9f1 (ad3870b89536)
[Subsystems] Discovering subsystems at path C:/Program Files/Unity/Hub/Editor/2021.3.9f1/Editor/Data/Resources/UnitySubsystems
[Subsystems] Discovering subsystems at path C:/Users/Exo/Documents/GitHub/example_game/Game/Assets
GfxDevice: creating device client; threaded=0; jobified=0
Direct3D:
    Version:  Direct3D 11.0 [level 11.1]
    Renderer: NVIDIA GeForce RTX 3080 (ID=0x2216)
    Vendor:   NVIDIA
    VRAM:     10067 MB
    Driver:   31.0.15.2698
Initialize mono
Mono path[0] = 'C:/Program Files/Unity/Hub/Editor/2021.3.9f1/Editor/Data/Managed'
Mono path[1] = 'C:/Program Files/Unity/Hub/Editor/2021.3.9f1/Editor/Data/MonoBleedingEdge/lib/mono/unityjit-win32'
Mono config path = 'C:/Program Files/Unity/Hub/Editor/2021.3.9f1/Editor/Data/MonoBleedingEdge/etc'
Using monoOptions --debugger-agent=transport=dt_socket,embedding=1,server=y,suspend=n,address=127.0.0.1:56252
Begin MonoManager ReloadAssembly
Registering precompiled unity dll's ...
Register platform support module: C:/Program Files/Unity/Hub/Editor/2021.3.9f1/Editor/Data/PlaybackEngines/WebGLSupport/UnityEditor.WebGL.Extensions.dll
Register platform support module: C:/Program Files/Unity/Hub/Editor/2021.3.9f1/Editor/Data/PlaybackEngines/WindowsStandaloneSupport/UnityEditor.WindowsStandalone.Extensions.dll
Registered in 0.004365 seconds.
Native extension for WindowsStandalone target not found
Native extension for WebGL target not found
Refreshing native plugins compatible for Editor in 82.12 ms, found 7 plugins.
Preloading 0 native plugins for Editor in 0.00 ms.
Mono: successfully reloaded assembly
- Completed reload, in  0.452 seconds
Domain Reload Profiling:
	ReloadAssembly (453ms)
		BeginReloadAssembly (45ms)
			ExecutionOrderSort (0ms)
			DisableScriptedObjects (0ms)
			BackupInstance (0ms)
			ReleaseScriptingObjects (0ms)
			CreateAndSetChildDomain (1ms)
		EndReloadAssembly (334ms)
			LoadAssemblies (44ms)
			RebuildTransferFunctionScriptingTraits (0ms)
			SetupTypeCache (70ms)
			ReleaseScriptCaches (0ms)
			RebuildScriptCaches (17ms)
			SetupLoadedEditorAssemblies (212ms)
				LogAssemblyErrors (0ms)
				InitializePlatformSupportModulesInManaged (6ms)
				SetLoadedEditorAssemblies (0ms)
				RefreshPlugins (82ms)
				BeforeProcessingInitializeOnLoad (1ms)
				ProcessInitializeOnLoadAttributes (94ms)
				ProcessInitializeOnLoadMethodAttributes (29ms)
				AfterProcessingInitializeOnLoad (0ms)
				EditorAssembliesLoaded (0ms)
			ExecutionOrderSort2 (0ms)
			AwakeInstancesAfterBackupRestoration (0ms)
Platform modules already initialized, skipping
Registering precompiled user dll's ...
Registered in 0.004691 seconds.
Begin MonoManager ReloadAssembly
Symbol file LoadedFromMemory doesn't match image C:\Users\Exo\Documents\GitHub\example_game\Game\Library\PackageCache\com.unity.visualscripting@1.7.8\Editor\VisualScripting.Core\Dependencies\DotNetZip\Unity.VisualScripting.IonicZip.dll
Symbol file LoadedFromMemory doesn't match image C:\Users\Exo\Documents\GitHub\example_game\Game\Library\PackageCache\com.unity.visualscripting@1.7.8\Editor\VisualScripting.Core\Dependencies\YamlDotNet\Unity.VisualScripting.YamlDotNet.dll
Native extension for WindowsStandalone target not found
Native extension for WebGL target not found
Refreshing native plugins compatible for Editor in 85.07 ms, found 7 plugins.
Preloading 0 native plugins for Editor in 0.00 ms.
Mono: successfully reloaded assembly
- Completed reload, in  0.998 seconds
Domain Reload Profiling:
	ReloadAssembly (998ms)
		BeginReloadAssembly (72ms)
			ExecutionOrderSort (0ms)
			DisableScriptedObjects (4ms)
			BackupInstance (0ms)
			ReleaseScriptingObjects (0ms)
			CreateAndSetChildDomain (13ms)
		EndReloadAssembly (848ms)
			LoadAssemblies (58ms)
			RebuildTransferFunctionScriptingTraits (0ms)
			SetupTypeCache (193ms)
			ReleaseScriptCaches (1ms)
			RebuildScriptCaches (45ms)
			SetupLoadedEditorAssemblies (487ms)
				LogAssemblyErrors (0ms)
				InitializePlatformSupportModulesInManaged (4ms)
				SetLoadedEditorAssemblies (0ms)
				RefreshPlugins (85ms)
				BeforeProcessingInitializeOnLoad (77ms)
				ProcessInitializeOnLoadAttributes (259ms)
				ProcessInitializeOnLoadMethodAttributes (57ms)
				AfterProcessingInitializeOnLoad (5ms)
				EditorAssembliesLoaded (0ms)
			ExecutionOrderSort2 (0ms)
			AwakeInstancesAfterBackupRestoration (5ms)
Platform modules already initialized, skipping
========================================================================
Worker process is ready to serve import requests
Launched and connected shader compiler UnityShaderCompiler.exe after 0.03 seconds
Refreshing native plugins compatible for Editor in 2.29 ms, found 7 plugins.
Preloading 0 native plugins for Editor in 0.00 ms.
Unloading 5620 Unused Serialized files (Serialized files now loaded: 0)
Unloading 80 unused Assets / (1.8 MB). Loaded Objects now: 6062.
Memory consumption went from 248.8 MB to 247.0 MB.
Total: 3.950900 ms (FindLiveObjects: 0.350000 ms CreateObjectMapping: 0.178200 ms MarkObjects: 3.049300 ms  DeleteObjects: 0.372600 ms)

AssetImportParameters requested are different than current active one (requested -> active):
  custom:video-decoder-ogg-theora: a1e56fd34408186e4bbccfd4996cb3dc -> 
  custom:container-muxer-webm: aa71ff27fc2769a1b78a27578f13a17b -> 
  custom:container-demuxer-webm: 4f35f7cbe854078d1ac9338744f61a02 -> 
  custom:video-encoder-webm-vp8: eb34c28f22e8b96e1ab97ce403110664 -> 
  custom:audio-encoder-webm-vorbis: bf7c407c2cedff20999df2af8eb42d56 -> 
  custom:framework-win-MediaFoundation: 216162199b28c13a410421893ffa2e32 -> 
  custom:container-demuxer-ogg: 62fdf1f143b41e24485cea50d1cbac27 -> 
  custom:video-decoder-webm-vp8: 9c59270c3fd7afecdb556c50c9e8de78 -> 
  custom:audio-decoder-ogg-vorbis: bf7c407c2cedff20999df2af8eb42d56 -> 
========================================================================
Received Import Request.
  Time since last request: 38732.301119 seconds.
  path: Assets/Geo/UnderTree/2/UnderTree2.fbx
  artifactKey: Guid(e7668989e3d23004da775b7a38dcffed) Importer(815301076,1909f56bfc062723c751e8b465ee728b)
Start importing Assets/Geo/UnderTree/2/UnderTree2.fbx using Guid(e7668989e3d23004da775b7a38dcffed) Importer(815301076,1909f56bfc062723c751e8b465ee728b)  -> (artifact id: '8ec180a38f48beac9a89c67cca2e9799') in 0.224180 seconds 
========================================================================
Received Import Request.
  Time since last request: 15.233844 seconds.
  path: Assets/Geo/UnderTree/M_UndertTree 1.mat
  artifactKey: Guid(7b111ab3751660f458be979a97203c3f) Importer(815301076,1909f56bfc062723c751e8b465ee728b)
Start importing Assets/Geo/UnderTree/M_UndertTree 1.mat using Guid(7b111ab3751660f458be979a97203c3f) Importer(815301076,1909f56bfc062723c751e8b465ee728b)  -> (artifact id: '21354dac68485a281122ee58174b710e') in 0.104606 seconds 
========================================================================
Received Import Request.
  Time since last request: 11.889534 seconds.
  path: Assets/Geo/UnderTree/M_UndertTree2.mat
  artifactKey: Guid(7b111ab3751660f458be979a97203c3f) Importer(815301076,1909f56bfc062723c751e8b465ee728b)
Start importing Assets/Geo/UnderTree/M_UndertTree2.mat using Guid(7b111ab3751660f458be979a97203c3f) Importer(815301076,1909f56bfc062723c751e8b465ee728b)  -> (artifact id: 'c7a569e1a7e09ccfc434bdb5950eb9cd') in 0.059927 seconds 
========================================================================
Received Import Request.
  Time since last request: 61.944250 seconds.
  path: Assets/Geo/UnderTree/2/UnderTree2.fbx
  artifactKey: Guid(e7668989e3d23004da775b7a38dcffed) Importer(815301076,1909f56bfc062723c751e8b465ee728b)
Start importing Assets/Geo/UnderTree/2/UnderTree2.fbx using Guid(e7668989e3d23004da775b7a38dcffed) Importer(815301076,1909f56bfc062723c751e8b465ee728b)  -> (artifact id: 'e9c383cbe18f80de1aaa8a84249fb8f3') in 0.024162 seconds 
========================================================================
Received Import Request.
  Time since last request: 804.376751 seconds.
  path: Assets/Geo/UnderTree/3
  artifactKey: Guid(34bf4a5327352774685cb5505f2aab6f) Importer(815301076,1909f56bfc062723c751e8b465ee728b)
Start importing Assets/Geo/UnderTree/3 using Guid(34bf4a5327352774685cb5505f2aab6f) Importer(815301076,1909f56bfc062723c751e8b465ee728b)  -> (artifact id: 'd0f24b935569f451cf9979625c115919') in 0.004010 seconds 
========================================================================
Received Import Request.
  Time since last request: 5.781503 seconds.
  path: Assets/Geo/UnderTree/3/UnderTree3.fbx
  artifactKey: Guid(8b7259cb40cf2244aae99d72b22e26aa) Importer(815301076,1909f56bfc062723c751e8b465ee728b)
Start importing Assets/Geo/UnderTree/3/UnderTree3.fbx using Guid(8b7259cb40cf2244aae99d72b22e26aa) Importer(815301076,1909f56bfc062723c751e8b465ee728b)  -> (artifact id: '153171feecf120dc3a47bb967d126670') in 0.021149 seconds 
========================================================================
Received Import Request.
  Time since last request: 7.949099 seconds.
  path: Assets/Geo/UnderTree/3/UnderTree3_principledshader_BaseColor_ACES - ACEScg.png
  artifactKey: Guid(af42bf5ee12716c4bb80c02c3a08bcba) Importer(815301076,1909f56bfc062723c751e8b465ee728b)
Start importing Assets/Geo/UnderTree/3/UnderTree3_principledshader_BaseColor_ACES - ACEScg.png using Guid(af42bf5ee12716c4bb80c02c3a08bcba) Importer(815301076,1909f56bfc062723c751e8b465ee728b)  -> (artifact id: '587f9a5d9ec180819b1c550355b785b3') in 0.027790 seconds 
========================================================================
Received Import Request.
  Time since last request: 0.000029 seconds.
  path: Assets/Geo/UnderTree/3/UnderTree3_principledshader_Height_Utility - Raw.png
  artifactKey: Guid(94034595a71f135428bbf22d0ab9e13c) Importer(815301076,1909f56bfc062723c751e8b465ee728b)
Start importing Assets/Geo/UnderTree/3/UnderTree3_principledshader_Height_Utility - Raw.png using Guid(94034595a71f135428bbf22d0ab9e13c) Importer(815301076,1909f56bfc062723c751e8b465ee728b)  -> (artifact id: '4ba35ef69b9015d0e3759bb16f66036d') in 0.011255 seconds 
========================================================================
Received Import Request.
  Time since last request: 0.000035 seconds.
  path: Assets/Geo/UnderTree/3/UnderTree3_principledshader_Metallic_Utility - Raw.png
  artifactKey: Guid(7fde2405c48acb34d9e4fa73dc40c7f8) Importer(815301076,1909f56bfc062723c751e8b465ee728b)
Start importing Assets/Geo/UnderTree/3/UnderTree3_principledshader_Metallic_Utility - Raw.png using Guid(7fde2405c48acb34d9e4fa73dc40c7f8) Importer(815301076,1909f56bfc062723c751e8b465ee728b)  -> (artifact id: 'd09470f8132896237d23dca8e52974f8') in 0.010745 seconds 
========================================================================
Received Import Request.
  Time since last request: 52.678762 seconds.
  path: Assets/Geo/UnderTree/M_UndertTree2 1.mat
  artifactKey: Guid(3a5a9c5949e0a1b42924c3e2b857a790) Importer(815301076,1909f56bfc062723c751e8b465ee728b)
Start importing Assets/Geo/UnderTree/M_UndertTree2 1.mat using Guid(3a5a9c5949e0a1b42924c3e2b857a790) Importer(815301076,1909f56bfc062723c751e8b465ee728b)  -> (artifact id: '5422165130e27512a26e56e4832d87e5') in 0.106094 seconds 
========================================================================
Received Import Request.
  Time since last request: 10.284467 seconds.
  path: Assets/Geo/UnderTree/M_UndertTree3.mat
  artifactKey: Guid(3a5a9c5949e0a1b42924c3e2b857a790) Importer(815301076,1909f56bfc062723c751e8b465ee728b)
Start importing Assets/Geo/UnderTree/M_UndertTree3.mat using Guid(3a5a9c5949e0a1b42924c3e2b857a790) Importer(815301076,1909f56bfc062723c751e8b465ee728b)  -> (artifact id: 'd37c0c13566444ec63b18e462879e6fa') in 0.088591 seconds 
========================================================================
Received Import Request.
  Time since last request: 39.310045 seconds.
  path: Assets/Geo/UnderTree/3/UnderTree3.fbx
  artifactKey: Guid(8b7259cb40cf2244aae99d72b22e26aa) Importer(815301076,1909f56bfc062723c751e8b465ee728b)
Start importing Assets/Geo/UnderTree/3/UnderTree3.fbx using Guid(8b7259cb40cf2244aae99d72b22e26aa) Importer(815301076,1909f56bfc062723c751e8b465ee728b)  -> (artifact id: '95f453ffe913dc446cf200bbfb49275a') in 0.022144 seconds 
========================================================================
Received Import Request.
  Time since last request: 128.748608 seconds.
  path: Assets/Geo/UnderTree/1/UnderTree.fbx
  artifactKey: Guid(1c7ef6e979a0d5540a1387023cccaf5c) Importer(815301076,1909f56bfc062723c751e8b465ee728b)
Start importing Assets/Geo/UnderTree/1/UnderTree.fbx using Guid(1c7ef6e979a0d5540a1387023cccaf5c) Importer(815301076,1909f56bfc062723c751e8b465ee728b)  -> (artifact id: '8700dd154bbe3f6efa2078290cbf1574') in 0.017615 seconds 
========================================================================
Received Import Request.
  Time since last request: 16.029719 seconds.
  path: Assets/Geo/UnderTree/2/UnderTree2.fbx
  artifactKey: Guid(e7668989e3d23004da775b7a38dcffed) Importer(815301076,1909f56bfc062723c751e8b465ee728b)
Start importing Assets/Geo/UnderTree/2/UnderTree2.fbx using Guid(e7668989e3d23004da775b7a38dcffed) Importer(815301076,1909f56bfc062723c751e8b465ee728b)  -> (artifact id: '712dd0dabff867c5f983c787e386b3f4') in 0.097806 seconds 
========================================================================
Received Import Request.
  Time since last request: 419.976123 seconds.
  path: Assets/HDA/sop_Exo.dev.UnderPillarsAndVigitation.1.0.hda
  artifactKey: Guid(3b4f703ff2b1f1e419b1bd54002b144a) Importer(815301076,1909f56bfc062723c751e8b465ee728b)
Start importing Assets/HDA/sop_Exo.dev.UnderPillarsAndVigitation.1.0.hda using Guid(3b4f703ff2b1f1e419b1bd54002b144a) Importer(815301076,1909f56bfc062723c751e8b465ee728b)  -> (artifact id: '267e72e0b1d2ce642be3ba73027111a8') in 0.006958 seconds 
