Using pre-set license
Built from '2021.3/staging' branch; Version is '2021.3.9f1 (ad3870b89536) revision 11352176'; Using compiler version '192829333'; Build Type 'Release'
OS: 'Windows 10  (10.0.19044) 64bit Professional' Language: 'en' Physical Memory: 65417 MB
BatchMode: 1, IsHumanControllingUs: 0, StartBugReporterOnCrash: 0, Is64bit: 1, IsPro: 1

COMMAND LINE ARGUMENTS:
C:\Program Files\Unity\Hub\Editor\2021.3.9f1\Editor\Unity.exe
-adb2
-batchMode
-noUpm
-name
AssetImportWorker0
-projectPath
C:/Users/Exo/Documents/GitHub/example_game/Game
-logFile
Logs/AssetImportWorker0.log
-srvPort
50631
Successfully changed project path to: C:/Users/Exo/Documents/GitHub/example_game/Game
C:/Users/Exo/Documents/GitHub/example_game/Game
[UnityMemory] Configuration Parameters - Can be set up in boot.config
    "memorysetup-bucket-allocator-granularity=16"
    "memorysetup-bucket-allocator-bucket-count=8"
    "memorysetup-bucket-allocator-block-size=33554432"
    "memorysetup-bucket-allocator-block-count=8"
    "memorysetup-main-allocator-block-size=16777216"
    "memorysetup-thread-allocator-block-size=16777216"
    "memorysetup-gfx-main-allocator-block-size=16777216"
    "memorysetup-gfx-thread-allocator-block-size=16777216"
    "memorysetup-cache-allocator-block-size=4194304"
    "memorysetup-typetree-allocator-block-size=2097152"
    "memorysetup-profiler-bucket-allocator-granularity=16"
    "memorysetup-profiler-bucket-allocator-bucket-count=8"
    "memorysetup-profiler-bucket-allocator-block-size=33554432"
    "memorysetup-profiler-bucket-allocator-block-count=8"
    "memorysetup-profiler-allocator-block-size=16777216"
    "memorysetup-profiler-editor-allocator-block-size=1048576"
    "memorysetup-temp-allocator-size-main=16777216"
    "memorysetup-job-temp-allocator-block-size=2097152"
    "memorysetup-job-temp-allocator-block-size-background=1048576"
    "memorysetup-job-temp-allocator-reduction-small-platforms=262144"
    "memorysetup-temp-allocator-size-background-worker=32768"
    "memorysetup-temp-allocator-size-job-worker=262144"
    "memorysetup-temp-allocator-size-preload-manager=33554432"
    "memorysetup-temp-allocator-size-nav-mesh-worker=65536"
    "memorysetup-temp-allocator-size-audio-worker=65536"
    "memorysetup-temp-allocator-size-cloud-worker=32768"
    "memorysetup-temp-allocator-size-gi-baking-worker=262144"
    "memorysetup-temp-allocator-size-gfx=262144"
Refreshing native plugins compatible for Editor in 84.84 ms, found 7 plugins.
Preloading 0 native plugins for Editor in 0.00 ms.
Initialize engine version: 2021.3.9f1 (ad3870b89536)
[Subsystems] Discovering subsystems at path C:/Program Files/Unity/Hub/Editor/2021.3.9f1/Editor/Data/Resources/UnitySubsystems
[Subsystems] Discovering subsystems at path C:/Users/Exo/Documents/GitHub/example_game/Game/Assets
GfxDevice: creating device client; threaded=0; jobified=0
Direct3D:
    Version:  Direct3D 11.0 [level 11.1]
    Renderer: NVIDIA GeForce RTX 3080 (ID=0x2216)
    Vendor:   NVIDIA
    VRAM:     10078 MB
    Driver:   31.0.15.1740
Initialize mono
Mono path[0] = 'C:/Program Files/Unity/Hub/Editor/2021.3.9f1/Editor/Data/Managed'
Mono path[1] = 'C:/Program Files/Unity/Hub/Editor/2021.3.9f1/Editor/Data/MonoBleedingEdge/lib/mono/unityjit-win32'
Mono config path = 'C:/Program Files/Unity/Hub/Editor/2021.3.9f1/Editor/Data/MonoBleedingEdge/etc'
Using monoOptions --debugger-agent=transport=dt_socket,embedding=1,server=y,suspend=n,address=127.0.0.1:56600
Begin MonoManager ReloadAssembly
Registering precompiled unity dll's ...
Register platform support module: C:/Program Files/Unity/Hub/Editor/2021.3.9f1/Editor/Data/PlaybackEngines/WebGLSupport/UnityEditor.WebGL.Extensions.dll
Register platform support module: C:/Program Files/Unity/Hub/Editor/2021.3.9f1/Editor/Data/PlaybackEngines/WindowsStandaloneSupport/UnityEditor.WindowsStandalone.Extensions.dll
Registered in 0.004109 seconds.
Native extension for WindowsStandalone target not found
Native extension for WebGL target not found
Refreshing native plugins compatible for Editor in 86.29 ms, found 7 plugins.
Preloading 0 native plugins for Editor in 0.00 ms.
Mono: successfully reloaded assembly
- Completed reload, in  0.464 seconds
Domain Reload Profiling:
	ReloadAssembly (464ms)
		BeginReloadAssembly (46ms)
			ExecutionOrderSort (0ms)
			DisableScriptedObjects (0ms)
			BackupInstance (0ms)
			ReleaseScriptingObjects (0ms)
			CreateAndSetChildDomain (1ms)
		EndReloadAssembly (343ms)
			LoadAssemblies (44ms)
			RebuildTransferFunctionScriptingTraits (0ms)
			SetupTypeCache (73ms)
			ReleaseScriptCaches (0ms)
			RebuildScriptCaches (18ms)
			SetupLoadedEditorAssemblies (217ms)
				LogAssemblyErrors (0ms)
				InitializePlatformSupportModulesInManaged (6ms)
				SetLoadedEditorAssemblies (0ms)
				RefreshPlugins (86ms)
				BeforeProcessingInitializeOnLoad (1ms)
				ProcessInitializeOnLoadAttributes (93ms)
				ProcessInitializeOnLoadMethodAttributes (30ms)
				AfterProcessingInitializeOnLoad (0ms)
				EditorAssembliesLoaded (0ms)
			ExecutionOrderSort2 (0ms)
			AwakeInstancesAfterBackupRestoration (0ms)
Platform modules already initialized, skipping
Registering precompiled user dll's ...
Registered in 0.004379 seconds.
Begin MonoManager ReloadAssembly
Symbol file LoadedFromMemory doesn't match image C:\Users\Exo\Documents\GitHub\example_game\Game\Library\PackageCache\com.unity.visualscripting@1.7.8\Editor\VisualScripting.Core\Dependencies\DotNetZip\Unity.VisualScripting.IonicZip.dll
Symbol file LoadedFromMemory doesn't match image C:\Users\Exo\Documents\GitHub\example_game\Game\Library\PackageCache\com.unity.visualscripting@1.7.8\Editor\VisualScripting.Core\Dependencies\YamlDotNet\Unity.VisualScripting.YamlDotNet.dll
Native extension for WindowsStandalone target not found
Native extension for WebGL target not found
Refreshing native plugins compatible for Editor in 82.94 ms, found 7 plugins.
Preloading 0 native plugins for Editor in 0.00 ms.
Mono: successfully reloaded assembly
- Completed reload, in  0.995 seconds
Domain Reload Profiling:
	ReloadAssembly (995ms)
		BeginReloadAssembly (74ms)
			ExecutionOrderSort (0ms)
			DisableScriptedObjects (4ms)
			BackupInstance (0ms)
			ReleaseScriptingObjects (0ms)
			CreateAndSetChildDomain (14ms)
		EndReloadAssembly (840ms)
			LoadAssemblies (58ms)
			RebuildTransferFunctionScriptingTraits (0ms)
			SetupTypeCache (195ms)
			ReleaseScriptCaches (1ms)
			RebuildScriptCaches (58ms)
			SetupLoadedEditorAssemblies (455ms)
				LogAssemblyErrors (0ms)
				InitializePlatformSupportModulesInManaged (4ms)
				SetLoadedEditorAssemblies (0ms)
				RefreshPlugins (83ms)
				BeforeProcessingInitializeOnLoad (76ms)
				ProcessInitializeOnLoadAttributes (229ms)
				ProcessInitializeOnLoadMethodAttributes (57ms)
				AfterProcessingInitializeOnLoad (5ms)
				EditorAssembliesLoaded (0ms)
			ExecutionOrderSort2 (0ms)
			AwakeInstancesAfterBackupRestoration (4ms)
Platform modules already initialized, skipping
========================================================================
Worker process is ready to serve import requests
Launched and connected shader compiler UnityShaderCompiler.exe after 0.02 seconds
Refreshing native plugins compatible for Editor in 0.79 ms, found 7 plugins.
Preloading 0 native plugins for Editor in 0.00 ms.
Unloading 5557 Unused Serialized files (Serialized files now loaded: 0)
Unloading 80 unused Assets / (1.8 MB). Loaded Objects now: 5997.
Memory consumption went from 233.9 MB to 232.1 MB.
Total: 3.131500 ms (FindLiveObjects: 0.396700 ms CreateObjectMapping: 0.187400 ms MarkObjects: 2.243700 ms  DeleteObjects: 0.302900 ms)

AssetImportParameters requested are different than current active one (requested -> active):
  custom:video-decoder-ogg-theora: a1e56fd34408186e4bbccfd4996cb3dc -> 
  custom:container-muxer-webm: aa71ff27fc2769a1b78a27578f13a17b -> 
  custom:container-demuxer-webm: 4f35f7cbe854078d1ac9338744f61a02 -> 
  custom:video-encoder-webm-vp8: eb34c28f22e8b96e1ab97ce403110664 -> 
  custom:audio-encoder-webm-vorbis: bf7c407c2cedff20999df2af8eb42d56 -> 
  custom:framework-win-MediaFoundation: 216162199b28c13a410421893ffa2e32 -> 
  custom:container-demuxer-ogg: 62fdf1f143b41e24485cea50d1cbac27 -> 
  custom:video-decoder-webm-vp8: 9c59270c3fd7afecdb556c50c9e8de78 -> 
  custom:audio-decoder-ogg-vorbis: bf7c407c2cedff20999df2af8eb42d56 -> 
========================================================================
Received Import Request.
  Time since last request: 9129.571379 seconds.
  path: Assets/HoudiniEngineAssetCache/Baked/plain_terrain_1_0 2/sop_admin.dev.plain_terrain.1.0/plain_terrain_1_0/output0/Terrain/Tile0/TerrainData.asset
  artifactKey: Guid(f79500cede73acf408e71f11bf65e4a1) Importer(815301076,1909f56bfc062723c751e8b465ee728b)
Start importing Assets/HoudiniEngineAssetCache/Baked/plain_terrain_1_0 2/sop_admin.dev.plain_terrain.1.0/plain_terrain_1_0/output0/Terrain/Tile0/TerrainData.asset using Guid(f79500cede73acf408e71f11bf65e4a1) Importer(815301076,1909f56bfc062723c751e8b465ee728b)  -> (artifact id: '1b5ead62c760b0365104d21388c456b7') in 0.160687 seconds 
========================================================================
Received Import Request.
  Time since last request: 8.461182 seconds.
  path: Assets/HoudiniEngineAssetCache/Baked/plain_terrain_1_0 2/sop_admin.dev.plain_terrain.1.0/plain_terrain_1_0/output0/Terrain/Tile0/Materials
  artifactKey: Guid(90d29f02fed77f74c820c62596612f8b) Importer(815301076,1909f56bfc062723c751e8b465ee728b)
Start importing Assets/HoudiniEngineAssetCache/Baked/plain_terrain_1_0 2/sop_admin.dev.plain_terrain.1.0/plain_terrain_1_0/output0/Terrain/Tile0/Materials using Guid(90d29f02fed77f74c820c62596612f8b) Importer(815301076,1909f56bfc062723c751e8b465ee728b)  -> (artifact id: '5a8c7898f3080e30b15e65b09382323e') in 0.005813 seconds 
========================================================================
Received Import Request.
  Time since last request: 0.165152 seconds.
  path: Assets/HoudiniEngineAssetCache/Baked/plain_terrain_1_0 2/sop_admin.dev.plain_terrain.1.0/plain_terrain_1_0/output0/Terrain/Tile0/Materials/M_Plain.mat
  artifactKey: Guid(c1541da19dd006e468b4e8b99796baf7) Importer(815301076,1909f56bfc062723c751e8b465ee728b)
Start importing Assets/HoudiniEngineAssetCache/Baked/plain_terrain_1_0 2/sop_admin.dev.plain_terrain.1.0/plain_terrain_1_0/output0/Terrain/Tile0/Materials/M_Plain.mat using Guid(c1541da19dd006e468b4e8b99796baf7) Importer(815301076,1909f56bfc062723c751e8b465ee728b)  -> (artifact id: '16c07b19561f3c569234bfad6fc561ab') in 0.131955 seconds 
========================================================================
Received Import Request.
  Time since last request: 96.422719 seconds.
  path: Assets/HoudiniEngineAssetCache/Baked/plain_terrain_1_0 2/sop_admin.dev.plain_terrain.1.0/plain_terrain_1_0
  artifactKey: Guid(e3dfae315c3c64b4b87d6c21c7d07702) Importer(815301076,1909f56bfc062723c751e8b465ee728b)
Start importing Assets/HoudiniEngineAssetCache/Baked/plain_terrain_1_0 2/sop_admin.dev.plain_terrain.1.0/plain_terrain_1_0 using Guid(e3dfae315c3c64b4b87d6c21c7d07702) Importer(815301076,1909f56bfc062723c751e8b465ee728b)  -> (artifact id: '82065a58c7b6e26a8a27ad21de6f4784') in 0.004598 seconds 
========================================================================
Received Import Request.
  Time since last request: 10.596561 seconds.
  path: Assets/Geo/Terrain/plain_terrain_1_0/output0
  artifactKey: Guid(1ea6157dc2ac6f8458f37fb1abe935a3) Importer(815301076,1909f56bfc062723c751e8b465ee728b)
Start importing Assets/Geo/Terrain/plain_terrain_1_0/output0 using Guid(1ea6157dc2ac6f8458f37fb1abe935a3) Importer(815301076,1909f56bfc062723c751e8b465ee728b)  -> (artifact id: '508dc0aa653fb794ac4a723036ca8800') in 0.005213 seconds 
========================================================================
Received Import Request.
  Time since last request: 0.516785 seconds.
  path: Assets/Geo/Terrain/plain_terrain_1_0/output0/Terrain
  artifactKey: Guid(d21cf853e1abd734c882dcdcebc2cf59) Importer(815301076,1909f56bfc062723c751e8b465ee728b)
Start importing Assets/Geo/Terrain/plain_terrain_1_0/output0/Terrain using Guid(d21cf853e1abd734c882dcdcebc2cf59) Importer(815301076,1909f56bfc062723c751e8b465ee728b)  -> (artifact id: 'ef6444e62928530155d28217cce3f5a4') in 0.002373 seconds 
========================================================================
Received Import Request.
  Time since last request: 0.904887 seconds.
  path: Assets/Geo/Terrain/plain_terrain_1_0/output0/Terrain/Tile0
  artifactKey: Guid(e313354c9b8fafb45ae11b4b61703326) Importer(815301076,1909f56bfc062723c751e8b465ee728b)
Start importing Assets/Geo/Terrain/plain_terrain_1_0/output0/Terrain/Tile0 using Guid(e313354c9b8fafb45ae11b4b61703326) Importer(815301076,1909f56bfc062723c751e8b465ee728b)  -> (artifact id: 'bb5bb222dc22ac8e24093410d9997fea') in 0.005861 seconds 
========================================================================
Received Import Request.
  Time since last request: 275.629997 seconds.
  path: Assets/HoudiniEngineAssetCache/Baked/plain_terrain_1_1 1
  artifactKey: Guid(946f81ed821a8d240aa1a5ee0a9b48e0) Importer(815301076,1909f56bfc062723c751e8b465ee728b)
Start importing Assets/HoudiniEngineAssetCache/Baked/plain_terrain_1_1 1 using Guid(946f81ed821a8d240aa1a5ee0a9b48e0) Importer(815301076,1909f56bfc062723c751e8b465ee728b)  -> (artifact id: '631524fab546f4c10250e6abd80c31d1') in 0.006778 seconds 
========================================================================
Received Import Request.
  Time since last request: 8.868448 seconds.
  path: Assets/HoudiniEngineAssetCache/Baked/plain_terrain_1_1
  artifactKey: Guid(67c0c7dac16631a438e0993981870a78) Importer(815301076,1909f56bfc062723c751e8b465ee728b)
Start importing Assets/HoudiniEngineAssetCache/Baked/plain_terrain_1_1 using Guid(67c0c7dac16631a438e0993981870a78) Importer(815301076,1909f56bfc062723c751e8b465ee728b)  -> (artifact id: '7c7e6f1eb11ef233a85a3ec8c26af476') in 0.006454 seconds 
========================================================================
Received Import Request.
  Time since last request: 9.356561 seconds.
  path: Assets/HoudiniEngineAssetCache/Baked/underGround_Terrain_1_0
  artifactKey: Guid(c067a5b446f98cb4283d29515d1b410c) Importer(815301076,1909f56bfc062723c751e8b465ee728b)
Start importing Assets/HoudiniEngineAssetCache/Baked/underGround_Terrain_1_0 using Guid(c067a5b446f98cb4283d29515d1b410c) Importer(815301076,1909f56bfc062723c751e8b465ee728b)  -> (artifact id: '989ed02fd3ff88aa65dc84910f385d86') in 0.005834 seconds 
========================================================================
Received Import Request.
  Time since last request: 1.089885 seconds.
  path: Assets/HoudiniEngineAssetCache/Baked/underGround_Terrain_1_0/sop_Exo.dev.underGround_Terrain.1 3.0
  artifactKey: Guid(994e2add8bfbbe644bdcdd34f4e29958) Importer(815301076,1909f56bfc062723c751e8b465ee728b)
Start importing Assets/HoudiniEngineAssetCache/Baked/underGround_Terrain_1_0/sop_Exo.dev.underGround_Terrain.1 3.0 using Guid(994e2add8bfbbe644bdcdd34f4e29958) Importer(815301076,1909f56bfc062723c751e8b465ee728b)  -> (artifact id: 'd5daed41adc8bf877c9817b810bc5bf0') in 0.006120 seconds 
========================================================================
Received Import Request.
  Time since last request: 1.090686 seconds.
  path: Assets/HoudiniEngineAssetCache/Baked/underGround_Terrain_1_0/sop_Exo.dev.underGround_Terrain.1 3.0/underGround_Terrain_1_0
  artifactKey: Guid(8fd51a645a8c9e2418981fc4041b5cf5) Importer(815301076,1909f56bfc062723c751e8b465ee728b)
Start importing Assets/HoudiniEngineAssetCache/Baked/underGround_Terrain_1_0/sop_Exo.dev.underGround_Terrain.1 3.0/underGround_Terrain_1_0 using Guid(8fd51a645a8c9e2418981fc4041b5cf5) Importer(815301076,1909f56bfc062723c751e8b465ee728b)  -> (artifact id: 'da9b77f2290ebcbca51a35ac0467d493') in 0.001584 seconds 
========================================================================
Received Import Request.
  Time since last request: 0.837076 seconds.
  path: Assets/HoudiniEngineAssetCache/Baked/underGround_Terrain_1_0/sop_Exo.dev.underGround_Terrain.1 3.0/underGround_Terrain_1_0/output0
  artifactKey: Guid(779216b4008e8754f9714b84d9e64c5c) Importer(815301076,1909f56bfc062723c751e8b465ee728b)
Start importing Assets/HoudiniEngineAssetCache/Baked/underGround_Terrain_1_0/sop_Exo.dev.underGround_Terrain.1 3.0/underGround_Terrain_1_0/output0 using Guid(779216b4008e8754f9714b84d9e64c5c) Importer(815301076,1909f56bfc062723c751e8b465ee728b)  -> (artifact id: 'ba3756f005c770dfc36ba59f73c7c3e9') in 0.006381 seconds 
========================================================================
Received Import Request.
  Time since last request: 0.653674 seconds.
  path: Assets/HoudiniEngineAssetCache/Baked/underGround_Terrain_1_0/sop_Exo.dev.underGround_Terrain.1 3.0/underGround_Terrain_1_0/output0/Terrain
  artifactKey: Guid(b14267d89e15cc44fa3ece9b624cb179) Importer(815301076,1909f56bfc062723c751e8b465ee728b)
Start importing Assets/HoudiniEngineAssetCache/Baked/underGround_Terrain_1_0/sop_Exo.dev.underGround_Terrain.1 3.0/underGround_Terrain_1_0/output0/Terrain using Guid(b14267d89e15cc44fa3ece9b624cb179) Importer(815301076,1909f56bfc062723c751e8b465ee728b)  -> (artifact id: '5f0c0d4170379bcea7071a5082a649c1') in 0.006188 seconds 
========================================================================
Received Import Request.
  Time since last request: 0.572836 seconds.
  path: Assets/HoudiniEngineAssetCache/Baked/underGround_Terrain_1_0/sop_Exo.dev.underGround_Terrain.1 3.0/underGround_Terrain_1_0/output0/Terrain/Tile0
  artifactKey: Guid(c641197519aefef4cbc3ee99d2b0cb66) Importer(815301076,1909f56bfc062723c751e8b465ee728b)
Start importing Assets/HoudiniEngineAssetCache/Baked/underGround_Terrain_1_0/sop_Exo.dev.underGround_Terrain.1 3.0/underGround_Terrain_1_0/output0/Terrain/Tile0 using Guid(c641197519aefef4cbc3ee99d2b0cb66) Importer(815301076,1909f56bfc062723c751e8b465ee728b)  -> (artifact id: '85db8324d4a1514a6276857123cc4e3d') in 0.005557 seconds 
========================================================================
Received Import Request.
  Time since last request: 0.128898 seconds.
  path: Assets/HoudiniEngineAssetCache/Baked/underGround_Terrain_1_0/sop_Exo.dev.underGround_Terrain.1 3.0/underGround_Terrain_1_0/output0/Terrain/Tile0/TerrainData.asset
  artifactKey: Guid(6056098d5be2b7842a5701ac186a3476) Importer(815301076,1909f56bfc062723c751e8b465ee728b)
Start importing Assets/HoudiniEngineAssetCache/Baked/underGround_Terrain_1_0/sop_Exo.dev.underGround_Terrain.1 3.0/underGround_Terrain_1_0/output0/Terrain/Tile0/TerrainData.asset using Guid(6056098d5be2b7842a5701ac186a3476) Importer(815301076,1909f56bfc062723c751e8b465ee728b)  -> (artifact id: 'd77a23bf4a643ed083161b8a6a02d54e') in 0.088389 seconds 
