Using pre-set license
Built from '2021.3/staging' branch; Version is '2021.3.9f1 (ad3870b89536) revision 11352176'; Using compiler version '192829333'; Build Type 'Release'
OS: 'Windows 10  (10.0.19044) 64bit Professional' Language: 'en' Physical Memory: 65417 MB
BatchMode: 1, IsHumanControllingUs: 0, StartBugReporterOnCrash: 0, Is64bit: 1, IsPro: 1

COMMAND LINE ARGUMENTS:
C:\Program Files\Unity\Hub\Editor\2021.3.9f1\Editor\Unity.exe
-adb2
-batchMode
-noUpm
-name
AssetImportWorker2
-projectPath
C:/Users/Exo/Documents/GitHub/example_game/Game
-logFile
Logs/AssetImportWorker2.log
-srvPort
62423
Successfully changed project path to: C:/Users/Exo/Documents/GitHub/example_game/Game
C:/Users/Exo/Documents/GitHub/example_game/Game
[UnityMemory] Configuration Parameters - Can be set up in boot.config
    "memorysetup-bucket-allocator-granularity=16"
    "memorysetup-bucket-allocator-bucket-count=8"
    "memorysetup-bucket-allocator-block-size=33554432"
    "memorysetup-bucket-allocator-block-count=8"
    "memorysetup-main-allocator-block-size=16777216"
    "memorysetup-thread-allocator-block-size=16777216"
    "memorysetup-gfx-main-allocator-block-size=16777216"
    "memorysetup-gfx-thread-allocator-block-size=16777216"
    "memorysetup-cache-allocator-block-size=4194304"
    "memorysetup-typetree-allocator-block-size=2097152"
    "memorysetup-profiler-bucket-allocator-granularity=16"
    "memorysetup-profiler-bucket-allocator-bucket-count=8"
    "memorysetup-profiler-bucket-allocator-block-size=33554432"
    "memorysetup-profiler-bucket-allocator-block-count=8"
    "memorysetup-profiler-allocator-block-size=16777216"
    "memorysetup-profiler-editor-allocator-block-size=1048576"
    "memorysetup-temp-allocator-size-main=16777216"
    "memorysetup-job-temp-allocator-block-size=2097152"
    "memorysetup-job-temp-allocator-block-size-background=1048576"
    "memorysetup-job-temp-allocator-reduction-small-platforms=262144"
    "memorysetup-temp-allocator-size-background-worker=32768"
    "memorysetup-temp-allocator-size-job-worker=262144"
    "memorysetup-temp-allocator-size-preload-manager=33554432"
    "memorysetup-temp-allocator-size-nav-mesh-worker=65536"
    "memorysetup-temp-allocator-size-audio-worker=65536"
    "memorysetup-temp-allocator-size-cloud-worker=32768"
    "memorysetup-temp-allocator-size-gi-baking-worker=262144"
    "memorysetup-temp-allocator-size-gfx=262144"
Refreshing native plugins compatible for Editor in 94.18 ms, found 7 plugins.
Preloading 0 native plugins for Editor in 0.00 ms.
Initialize engine version: 2021.3.9f1 (ad3870b89536)
[Subsystems] Discovering subsystems at path C:/Program Files/Unity/Hub/Editor/2021.3.9f1/Editor/Data/Resources/UnitySubsystems
[Subsystems] Discovering subsystems at path C:/Users/Exo/Documents/GitHub/example_game/Game/Assets
GfxDevice: creating device client; threaded=0; jobified=0
Direct3D:
    Version:  Direct3D 11.0 [level 11.1]
    Renderer: NVIDIA GeForce RTX 3080 (ID=0x2216)
    Vendor:   NVIDIA
    VRAM:     10078 MB
    Driver:   31.0.15.1740
Initialize mono
Mono path[0] = 'C:/Program Files/Unity/Hub/Editor/2021.3.9f1/Editor/Data/Managed'
Mono path[1] = 'C:/Program Files/Unity/Hub/Editor/2021.3.9f1/Editor/Data/MonoBleedingEdge/lib/mono/unityjit-win32'
Mono config path = 'C:/Program Files/Unity/Hub/Editor/2021.3.9f1/Editor/Data/MonoBleedingEdge/etc'
Using monoOptions --debugger-agent=transport=dt_socket,embedding=1,server=y,suspend=n,address=127.0.0.1:56964
Begin MonoManager ReloadAssembly
Registering precompiled unity dll's ...
Register platform support module: C:/Program Files/Unity/Hub/Editor/2021.3.9f1/Editor/Data/PlaybackEngines/WebGLSupport/UnityEditor.WebGL.Extensions.dll
Register platform support module: C:/Program Files/Unity/Hub/Editor/2021.3.9f1/Editor/Data/PlaybackEngines/WindowsStandaloneSupport/UnityEditor.WindowsStandalone.Extensions.dll
Registered in 0.005255 seconds.
Native extension for WindowsStandalone target not found
Native extension for WebGL target not found
Refreshing native plugins compatible for Editor in 78.61 ms, found 7 plugins.
Preloading 0 native plugins for Editor in 0.00 ms.
Mono: successfully reloaded assembly
- Completed reload, in  0.464 seconds
Domain Reload Profiling:
	ReloadAssembly (464ms)
		BeginReloadAssembly (49ms)
			ExecutionOrderSort (0ms)
			DisableScriptedObjects (0ms)
			BackupInstance (0ms)
			ReleaseScriptingObjects (0ms)
			CreateAndSetChildDomain (0ms)
		EndReloadAssembly (336ms)
			LoadAssemblies (47ms)
			RebuildTransferFunctionScriptingTraits (0ms)
			SetupTypeCache (72ms)
			ReleaseScriptCaches (0ms)
			RebuildScriptCaches (19ms)
			SetupLoadedEditorAssemblies (209ms)
				LogAssemblyErrors (0ms)
				InitializePlatformSupportModulesInManaged (6ms)
				SetLoadedEditorAssemblies (0ms)
				RefreshPlugins (79ms)
				BeforeProcessingInitializeOnLoad (1ms)
				ProcessInitializeOnLoadAttributes (93ms)
				ProcessInitializeOnLoadMethodAttributes (30ms)
				AfterProcessingInitializeOnLoad (0ms)
				EditorAssembliesLoaded (0ms)
			ExecutionOrderSort2 (0ms)
			AwakeInstancesAfterBackupRestoration (0ms)
Platform modules already initialized, skipping
Registering precompiled user dll's ...
Registered in 0.006111 seconds.
Begin MonoManager ReloadAssembly
Symbol file LoadedFromMemory doesn't match image C:\Users\Exo\Documents\GitHub\example_game\Game\Library\PackageCache\com.unity.visualscripting@1.7.8\Editor\VisualScripting.Core\Dependencies\DotNetZip\Unity.VisualScripting.IonicZip.dll
Symbol file LoadedFromMemory doesn't match image C:\Users\Exo\Documents\GitHub\example_game\Game\Library\PackageCache\com.unity.visualscripting@1.7.8\Editor\VisualScripting.Core\Dependencies\YamlDotNet\Unity.VisualScripting.YamlDotNet.dll
Native extension for WindowsStandalone target not found
Native extension for WebGL target not found
Refreshing native plugins compatible for Editor in 81.82 ms, found 7 plugins.
Preloading 0 native plugins for Editor in 0.00 ms.
Mono: successfully reloaded assembly
- Completed reload, in  1.006 seconds
Domain Reload Profiling:
	ReloadAssembly (1006ms)
		BeginReloadAssembly (73ms)
			ExecutionOrderSort (0ms)
			DisableScriptedObjects (4ms)
			BackupInstance (0ms)
			ReleaseScriptingObjects (0ms)
			CreateAndSetChildDomain (13ms)
		EndReloadAssembly (851ms)
			LoadAssemblies (59ms)
			RebuildTransferFunctionScriptingTraits (0ms)
			SetupTypeCache (201ms)
			ReleaseScriptCaches (0ms)
			RebuildScriptCaches (61ms)
			SetupLoadedEditorAssemblies (459ms)
				LogAssemblyErrors (0ms)
				InitializePlatformSupportModulesInManaged (4ms)
				SetLoadedEditorAssemblies (0ms)
				RefreshPlugins (82ms)
				BeforeProcessingInitializeOnLoad (76ms)
				ProcessInitializeOnLoadAttributes (233ms)
				ProcessInitializeOnLoadMethodAttributes (58ms)
				AfterProcessingInitializeOnLoad (6ms)
				EditorAssembliesLoaded (0ms)
			ExecutionOrderSort2 (0ms)
			AwakeInstancesAfterBackupRestoration (4ms)
Platform modules already initialized, skipping
========================================================================
Worker process is ready to serve import requests
Launched and connected shader compiler UnityShaderCompiler.exe after 0.02 seconds
Refreshing native plugins compatible for Editor in 0.83 ms, found 7 plugins.
Preloading 0 native plugins for Editor in 0.00 ms.
Unloading 5557 Unused Serialized files (Serialized files now loaded: 0)
Unloading 80 unused Assets / (1.8 MB). Loaded Objects now: 5997.
Memory consumption went from 233.9 MB to 232.1 MB.
Total: 3.407100 ms (FindLiveObjects: 0.344900 ms CreateObjectMapping: 0.173500 ms MarkObjects: 2.573300 ms  DeleteObjects: 0.314700 ms)

AssetImportParameters requested are different than current active one (requested -> active):
  custom:video-decoder-ogg-theora: a1e56fd34408186e4bbccfd4996cb3dc -> 
  custom:container-muxer-webm: aa71ff27fc2769a1b78a27578f13a17b -> 
  custom:container-demuxer-webm: 4f35f7cbe854078d1ac9338744f61a02 -> 
  custom:video-encoder-webm-vp8: eb34c28f22e8b96e1ab97ce403110664 -> 
  custom:audio-encoder-webm-vorbis: bf7c407c2cedff20999df2af8eb42d56 -> 
  custom:framework-win-MediaFoundation: 216162199b28c13a410421893ffa2e32 -> 
  custom:container-demuxer-ogg: 62fdf1f143b41e24485cea50d1cbac27 -> 
  custom:video-decoder-webm-vp8: 9c59270c3fd7afecdb556c50c9e8de78 -> 
  custom:audio-decoder-ogg-vorbis: bf7c407c2cedff20999df2af8eb42d56 -> 
========================================================================
Received Import Request.
  Time since last request: 13738.761584 seconds.
  path: Assets/Mat/Terrains/SubstanceMat/crustylava_graph_0/graph_0.asset
  artifactKey: Guid(fb789d69ff3107646942d4a567ca345a) Importer(815301076,1909f56bfc062723c751e8b465ee728b)
Start importing Assets/Mat/Terrains/SubstanceMat/crustylava_graph_0/graph_0.asset using Guid(fb789d69ff3107646942d4a567ca345a) Importer(815301076,1909f56bfc062723c751e8b465ee728b)  -> (artifact id: 'efc3ee6ba6ddf4a0a0f003ee678ba162') in 0.096950 seconds 
========================================================================
Received Import Request.
  Time since last request: 46.312718 seconds.
  path: Assets/Mat/Terrains/SubstanceMat/crustylava_graph_0_copy/crustylava_normal.tga
  artifactKey: Guid(766a37edd8458404395e5e8a3da48bcf) Importer(815301076,1909f56bfc062723c751e8b465ee728b)
Start importing Assets/Mat/Terrains/SubstanceMat/crustylava_graph_0_copy/crustylava_normal.tga using Guid(766a37edd8458404395e5e8a3da48bcf) Importer(815301076,1909f56bfc062723c751e8b465ee728b)  -> (artifact id: 'a6d7aa38f3773ce2e921e052d6658ff3') in 0.081413 seconds 
========================================================================
Received Import Request.
  Time since last request: 1.571085 seconds.
  path: Assets/Mat/Terrains/SubstanceMat/crustylava_graph_0_copy/crustylava_graph_0_copy_material.mat
  artifactKey: Guid(96098720306af6742b70ff360d4f0e81) Importer(815301076,1909f56bfc062723c751e8b465ee728b)
Start importing Assets/Mat/Terrains/SubstanceMat/crustylava_graph_0_copy/crustylava_graph_0_copy_material.mat using Guid(96098720306af6742b70ff360d4f0e81) Importer(815301076,1909f56bfc062723c751e8b465ee728b)  -> (artifact id: '12d9da34b33ca4974b06ff4dc1f0a079') in 0.155312 seconds 
========================================================================
Received Import Request.
  Time since last request: 37.261867 seconds.
  path: Assets/Mat/Terrains/SubstanceMat/crustylava_crust_pillars
  artifactKey: Guid(ca05857d7abe83244b3a36fa6ca44666) Importer(815301076,1909f56bfc062723c751e8b465ee728b)
Start importing Assets/Mat/Terrains/SubstanceMat/crustylava_crust_pillars using Guid(ca05857d7abe83244b3a36fa6ca44666) Importer(815301076,1909f56bfc062723c751e8b465ee728b)  -> (artifact id: '85c18d9e93b68c71fc1049909a5f47a3') in 0.004200 seconds 
========================================================================
Received Import Request.
  Time since last request: 0.211756 seconds.
  path: Assets/Mat/Terrains/SubstanceMat/crustylava_crust_pillars/crust_pillars.asset
  artifactKey: Guid(d63d9e1452334dc43b5467d55c2bc8b5) Importer(815301076,1909f56bfc062723c751e8b465ee728b)
Start importing Assets/Mat/Terrains/SubstanceMat/crustylava_crust_pillars/crust_pillars.asset using Guid(d63d9e1452334dc43b5467d55c2bc8b5) Importer(815301076,1909f56bfc062723c751e8b465ee728b)  -> (artifact id: '1526ce1e9091bdfcc16106c118f3aca4') in 0.034864 seconds 
========================================================================
Received Import Request.
  Time since last request: 270.508357 seconds.
  path: Assets/Geo/Rocks/HoudiniGenRock/rockPillar01.fbx
  artifactKey: Guid(bfe04785a87ad274ebf43fb6ea606e95) Importer(815301076,1909f56bfc062723c751e8b465ee728b)
Start importing Assets/Geo/Rocks/HoudiniGenRock/rockPillar01.fbx using Guid(bfe04785a87ad274ebf43fb6ea606e95) Importer(815301076,1909f56bfc062723c751e8b465ee728b)  -> (artifact id: 'e27b45e470c49a761354641af3bbc609') in 0.084353 seconds 
========================================================================
Received Import Request.
  Time since last request: 0.000028 seconds.
  path: Assets/Geo/Rocks/HoudiniGenRock/rockPillar04.fbx
  artifactKey: Guid(328c0fd2cca0c0741bf796e2373dcd0e) Importer(815301076,1909f56bfc062723c751e8b465ee728b)
Start importing Assets/Geo/Rocks/HoudiniGenRock/rockPillar04.fbx using Guid(328c0fd2cca0c0741bf796e2373dcd0e) Importer(815301076,1909f56bfc062723c751e8b465ee728b)  -> (artifact id: 'd0dd96d32a2bbbf91c36d1127a516587') in 0.137575 seconds 
========================================================================
Received Import Request.
  Time since last request: 0.000023 seconds.
  path: Assets/Geo/Rocks/HoudiniGenRock/rockPillar03.fbx
  artifactKey: Guid(20d480bfe8a683b4fbf3c8f56df6f13d) Importer(815301076,1909f56bfc062723c751e8b465ee728b)
Start importing Assets/Geo/Rocks/HoudiniGenRock/rockPillar03.fbx using Guid(20d480bfe8a683b4fbf3c8f56df6f13d) Importer(815301076,1909f56bfc062723c751e8b465ee728b)  -> (artifact id: '17d7269895b03c5e083fee285c10db79') in 0.080137 seconds 
========================================================================
Received Import Request.
  Time since last request: 10.279217 seconds.
  path: Assets/Mat/Grass/M_Grass.mat
  artifactKey: Guid(35e343ec927d93c4ea24bd6c0ca4c544) Importer(815301076,1909f56bfc062723c751e8b465ee728b)
Start importing Assets/Mat/Grass/M_Grass.mat using Guid(35e343ec927d93c4ea24bd6c0ca4c544) Importer(815301076,1909f56bfc062723c751e8b465ee728b)  -> (artifact id: 'd1e7ce09adb4e4bbdabe754b60e524a7') in 0.019124 seconds 
========================================================================
Received Import Request.
  Time since last request: 0.000052 seconds.
  path: Assets/Mat/Trees/M_RedLeaf.mat
  artifactKey: Guid(50e908798beaf574da5ba6a1b1ae50cb) Importer(815301076,1909f56bfc062723c751e8b465ee728b)
Start importing Assets/Mat/Trees/M_RedLeaf.mat using Guid(50e908798beaf574da5ba6a1b1ae50cb) Importer(815301076,1909f56bfc062723c751e8b465ee728b)  -> (artifact id: '11c3613f67736413eba8b5ef07b735d7') in 0.058331 seconds 
========================================================================
Received Import Request.
  Time since last request: 0.000035 seconds.
  path: Assets/HoudiniEngineAssetCache/Baked/plain_terrain_1_0/sop_admin.dev.plain_terrain.1.0/plain_terrain_1_0/output0/Terrain/Tile0/Materials/M_Plain.mat
  artifactKey: Guid(40d828b1218d6e1428338dd7bc31c598) Importer(815301076,1909f56bfc062723c751e8b465ee728b)
Start importing Assets/HoudiniEngineAssetCache/Baked/plain_terrain_1_0/sop_admin.dev.plain_terrain.1.0/plain_terrain_1_0/output0/Terrain/Tile0/Materials/M_Plain.mat using Guid(40d828b1218d6e1428338dd7bc31c598) Importer(815301076,1909f56bfc062723c751e8b465ee728b)  -> (artifact id: '7a69c10cf1210a4b2d840471927d881b') in 0.062803 seconds 
========================================================================
Received Import Request.
  Time since last request: 0.000047 seconds.
  path: Assets/Mat/Grass/M_RedGrass.mat
  artifactKey: Guid(1720d24f2e0d0bd43b0cd738b9a1088f) Importer(815301076,1909f56bfc062723c751e8b465ee728b)
Start importing Assets/Mat/Grass/M_RedGrass.mat using Guid(1720d24f2e0d0bd43b0cd738b9a1088f) Importer(815301076,1909f56bfc062723c751e8b465ee728b)  -> (artifact id: '2e7bfaaab5b6c713332f97185ee13c7c') in 0.042257 seconds 
========================================================================
Received Import Request.
  Time since last request: 0.000018 seconds.
  path: Assets/Mat/LavaRock/M_PillarRock.mat
  artifactKey: Guid(3ce70be52a33fd9489e5c559b175de67) Importer(815301076,1909f56bfc062723c751e8b465ee728b)
Start importing Assets/Mat/LavaRock/M_PillarRock.mat using Guid(3ce70be52a33fd9489e5c559b175de67) Importer(815301076,1909f56bfc062723c751e8b465ee728b)  -> (artifact id: '7bd2b878d8de85cba854e55a438a7f9e') in 0.021294 seconds 
Editor requested this worker to shutdown with reason: Scaling down because of idle timeout
AssetImportWorker is now disconnected from the server
Process exiting
Exiting without the bug reporter. Application will terminate with return code 0