Using pre-set license
Built from '2021.3/staging' branch; Version is '2021.3.9f1 (ad3870b89536) revision 11352176'; Using compiler version '192829333'; Build Type 'Release'
OS: 'Windows 10  (10.0.19044) 64bit Professional' Language: 'en' Physical Memory: 65417 MB
BatchMode: 1, IsHumanControllingUs: 0, StartBugReporterOnCrash: 0, Is64bit: 1, IsPro: 1

COMMAND LINE ARGUMENTS:
C:\Program Files\Unity\Hub\Editor\2021.3.9f1\Editor\Unity.exe
-adb2
-batchMode
-noUpm
-name
AssetImportWorker0
-projectPath
C:/Users/Exo/Documents/GitHub/example_game/Game
-logFile
Logs/AssetImportWorker0.log
-srvPort
50526
Successfully changed project path to: C:/Users/Exo/Documents/GitHub/example_game/Game
C:/Users/Exo/Documents/GitHub/example_game/Game
[UnityMemory] Configuration Parameters - Can be set up in boot.config
    "memorysetup-bucket-allocator-granularity=16"
    "memorysetup-bucket-allocator-bucket-count=8"
    "memorysetup-bucket-allocator-block-size=33554432"
    "memorysetup-bucket-allocator-block-count=8"
    "memorysetup-main-allocator-block-size=16777216"
    "memorysetup-thread-allocator-block-size=16777216"
    "memorysetup-gfx-main-allocator-block-size=16777216"
    "memorysetup-gfx-thread-allocator-block-size=16777216"
    "memorysetup-cache-allocator-block-size=4194304"
    "memorysetup-typetree-allocator-block-size=2097152"
    "memorysetup-profiler-bucket-allocator-granularity=16"
    "memorysetup-profiler-bucket-allocator-bucket-count=8"
    "memorysetup-profiler-bucket-allocator-block-size=33554432"
    "memorysetup-profiler-bucket-allocator-block-count=8"
    "memorysetup-profiler-allocator-block-size=16777216"
    "memorysetup-profiler-editor-allocator-block-size=1048576"
    "memorysetup-temp-allocator-size-main=16777216"
    "memorysetup-job-temp-allocator-block-size=2097152"
    "memorysetup-job-temp-allocator-block-size-background=1048576"
    "memorysetup-job-temp-allocator-reduction-small-platforms=262144"
    "memorysetup-temp-allocator-size-background-worker=32768"
    "memorysetup-temp-allocator-size-job-worker=262144"
    "memorysetup-temp-allocator-size-preload-manager=33554432"
    "memorysetup-temp-allocator-size-nav-mesh-worker=65536"
    "memorysetup-temp-allocator-size-audio-worker=65536"
    "memorysetup-temp-allocator-size-cloud-worker=32768"
    "memorysetup-temp-allocator-size-gi-baking-worker=262144"
    "memorysetup-temp-allocator-size-gfx=262144"
Refreshing native plugins compatible for Editor in 78.30 ms, found 7 plugins.
Preloading 0 native plugins for Editor in 0.00 ms.
Initialize engine version: 2021.3.9f1 (ad3870b89536)
[Subsystems] Discovering subsystems at path C:/Program Files/Unity/Hub/Editor/2021.3.9f1/Editor/Data/Resources/UnitySubsystems
[Subsystems] Discovering subsystems at path C:/Users/Exo/Documents/GitHub/example_game/Game/Assets
GfxDevice: creating device client; threaded=0; jobified=0
Direct3D:
    Version:  Direct3D 11.0 [level 11.1]
    Renderer: NVIDIA GeForce RTX 3080 (ID=0x2216)
    Vendor:   NVIDIA
    VRAM:     10078 MB
    Driver:   31.0.15.1740
Initialize mono
Mono path[0] = 'C:/Program Files/Unity/Hub/Editor/2021.3.9f1/Editor/Data/Managed'
Mono path[1] = 'C:/Program Files/Unity/Hub/Editor/2021.3.9f1/Editor/Data/MonoBleedingEdge/lib/mono/unityjit-win32'
Mono config path = 'C:/Program Files/Unity/Hub/Editor/2021.3.9f1/Editor/Data/MonoBleedingEdge/etc'
Using monoOptions --debugger-agent=transport=dt_socket,embedding=1,server=y,suspend=n,address=127.0.0.1:56616
Begin MonoManager ReloadAssembly
Registering precompiled unity dll's ...
Register platform support module: C:/Program Files/Unity/Hub/Editor/2021.3.9f1/Editor/Data/PlaybackEngines/WebGLSupport/UnityEditor.WebGL.Extensions.dll
Register platform support module: C:/Program Files/Unity/Hub/Editor/2021.3.9f1/Editor/Data/PlaybackEngines/WindowsStandaloneSupport/UnityEditor.WindowsStandalone.Extensions.dll
Registered in 0.004410 seconds.
Native extension for WindowsStandalone target not found
Native extension for WebGL target not found
Refreshing native plugins compatible for Editor in 79.50 ms, found 7 plugins.
Preloading 0 native plugins for Editor in 0.00 ms.
Mono: successfully reloaded assembly
- Completed reload, in  0.471 seconds
Domain Reload Profiling:
	ReloadAssembly (471ms)
		BeginReloadAssembly (47ms)
			ExecutionOrderSort (0ms)
			DisableScriptedObjects (0ms)
			BackupInstance (0ms)
			ReleaseScriptingObjects (0ms)
			CreateAndSetChildDomain (1ms)
		EndReloadAssembly (344ms)
			LoadAssemblies (46ms)
			RebuildTransferFunctionScriptingTraits (0ms)
			SetupTypeCache (74ms)
			ReleaseScriptCaches (0ms)
			RebuildScriptCaches (17ms)
			SetupLoadedEditorAssemblies (216ms)
				LogAssemblyErrors (0ms)
				InitializePlatformSupportModulesInManaged (6ms)
				SetLoadedEditorAssemblies (0ms)
				RefreshPlugins (80ms)
				BeforeProcessingInitializeOnLoad (1ms)
				ProcessInitializeOnLoadAttributes (98ms)
				ProcessInitializeOnLoadMethodAttributes (31ms)
				AfterProcessingInitializeOnLoad (0ms)
				EditorAssembliesLoaded (0ms)
			ExecutionOrderSort2 (0ms)
			AwakeInstancesAfterBackupRestoration (0ms)
Platform modules already initialized, skipping
Registering precompiled user dll's ...
Registered in 0.004509 seconds.
Begin MonoManager ReloadAssembly
Symbol file LoadedFromMemory doesn't match image C:\Users\Exo\Documents\GitHub\example_game\Game\Library\PackageCache\com.unity.visualscripting@1.7.8\Editor\VisualScripting.Core\Dependencies\DotNetZip\Unity.VisualScripting.IonicZip.dll
Symbol file LoadedFromMemory doesn't match image C:\Users\Exo\Documents\GitHub\example_game\Game\Library\PackageCache\com.unity.visualscripting@1.7.8\Editor\VisualScripting.Core\Dependencies\YamlDotNet\Unity.VisualScripting.YamlDotNet.dll
Native extension for WindowsStandalone target not found
Native extension for WebGL target not found
Refreshing native plugins compatible for Editor in 79.59 ms, found 7 plugins.
Preloading 0 native plugins for Editor in 0.00 ms.
Mono: successfully reloaded assembly
- Completed reload, in  0.965 seconds
Domain Reload Profiling:
	ReloadAssembly (966ms)
		BeginReloadAssembly (74ms)
			ExecutionOrderSort (0ms)
			DisableScriptedObjects (4ms)
			BackupInstance (0ms)
			ReleaseScriptingObjects (0ms)
			CreateAndSetChildDomain (14ms)
		EndReloadAssembly (807ms)
			LoadAssemblies (57ms)
			RebuildTransferFunctionScriptingTraits (0ms)
			SetupTypeCache (192ms)
			ReleaseScriptCaches (0ms)
			RebuildScriptCaches (48ms)
			SetupLoadedEditorAssemblies (445ms)
				LogAssemblyErrors (0ms)
				InitializePlatformSupportModulesInManaged (4ms)
				SetLoadedEditorAssemblies (0ms)
				RefreshPlugins (80ms)
				BeforeProcessingInitializeOnLoad (70ms)
				ProcessInitializeOnLoadAttributes (231ms)
				ProcessInitializeOnLoadMethodAttributes (56ms)
				AfterProcessingInitializeOnLoad (5ms)
				EditorAssembliesLoaded (0ms)
			ExecutionOrderSort2 (0ms)
			AwakeInstancesAfterBackupRestoration (4ms)
Platform modules already initialized, skipping
========================================================================
Worker process is ready to serve import requests
Launched and connected shader compiler UnityShaderCompiler.exe after 0.02 seconds
Refreshing native plugins compatible for Editor in 0.79 ms, found 7 plugins.
Preloading 0 native plugins for Editor in 0.00 ms.
Unloading 5555 Unused Serialized files (Serialized files now loaded: 0)
Unloading 80 unused Assets / (1.8 MB). Loaded Objects now: 5995.
Memory consumption went from 232.4 MB to 230.6 MB.
Total: 3.711200 ms (FindLiveObjects: 0.454900 ms CreateObjectMapping: 0.220500 ms MarkObjects: 2.588000 ms  DeleteObjects: 0.446500 ms)

AssetImportParameters requested are different than current active one (requested -> active):
  custom:video-decoder-ogg-theora: a1e56fd34408186e4bbccfd4996cb3dc -> 
  custom:container-muxer-webm: aa71ff27fc2769a1b78a27578f13a17b -> 
  custom:container-demuxer-webm: 4f35f7cbe854078d1ac9338744f61a02 -> 
  custom:video-encoder-webm-vp8: eb34c28f22e8b96e1ab97ce403110664 -> 
  custom:audio-encoder-webm-vorbis: bf7c407c2cedff20999df2af8eb42d56 -> 
  custom:framework-win-MediaFoundation: 216162199b28c13a410421893ffa2e32 -> 
  custom:container-demuxer-ogg: 62fdf1f143b41e24485cea50d1cbac27 -> 
  custom:video-decoder-webm-vp8: 9c59270c3fd7afecdb556c50c9e8de78 -> 
  custom:audio-decoder-ogg-vorbis: bf7c407c2cedff20999df2af8eb42d56 -> 
========================================================================
Received Import Request.
  Time since last request: 20490.697390 seconds.
  path: Assets/HoudiniEngineAssetCache/Baked/plain_terrain_1_0
  artifactKey: Guid(545e8599484a21b43a0a17755ebcf3ce) Importer(815301076,1909f56bfc062723c751e8b465ee728b)
Start importing Assets/HoudiniEngineAssetCache/Baked/plain_terrain_1_0 using Guid(545e8599484a21b43a0a17755ebcf3ce) Importer(815301076,1909f56bfc062723c751e8b465ee728b)  -> (artifact id: '8908cb8ca1e17978d43aa4c014c7b368') in 0.015025 seconds 
========================================================================
Received Import Request.
  Time since last request: 0.986231 seconds.
  path: Assets/HoudiniEngineAssetCache/Baked/plain_terrain_1_0/sop_admin.dev.plain_terrain.1.0
  artifactKey: Guid(738bb28fe2931a14b87b76519c24e436) Importer(815301076,1909f56bfc062723c751e8b465ee728b)
Start importing Assets/HoudiniEngineAssetCache/Baked/plain_terrain_1_0/sop_admin.dev.plain_terrain.1.0 using Guid(738bb28fe2931a14b87b76519c24e436) Importer(815301076,1909f56bfc062723c751e8b465ee728b)  -> (artifact id: '7d9826d473850e4a03c860f0d1521cc2') in 0.005449 seconds 
========================================================================
Received Import Request.
  Time since last request: 0.765504 seconds.
  path: Assets/HoudiniEngineAssetCache/Baked/plain_terrain_1_0/sop_admin.dev.plain_terrain.1.0/plain_terrain_1_0
  artifactKey: Guid(f4124418f0bab664f9fa96189304ab2a) Importer(815301076,1909f56bfc062723c751e8b465ee728b)
Start importing Assets/HoudiniEngineAssetCache/Baked/plain_terrain_1_0/sop_admin.dev.plain_terrain.1.0/plain_terrain_1_0 using Guid(f4124418f0bab664f9fa96189304ab2a) Importer(815301076,1909f56bfc062723c751e8b465ee728b)  -> (artifact id: '29fe13e502c64ef1f127a7d32596d73d') in 0.002006 seconds 
========================================================================
Received Import Request.
  Time since last request: 0.951596 seconds.
  path: Assets/HoudiniEngineAssetCache/Baked/plain_terrain_1_0/sop_admin.dev.plain_terrain.1.0/plain_terrain_1_0/output0
  artifactKey: Guid(788b607209c7df34f81013a08922a013) Importer(815301076,1909f56bfc062723c751e8b465ee728b)
Start importing Assets/HoudiniEngineAssetCache/Baked/plain_terrain_1_0/sop_admin.dev.plain_terrain.1.0/plain_terrain_1_0/output0 using Guid(788b607209c7df34f81013a08922a013) Importer(815301076,1909f56bfc062723c751e8b465ee728b)  -> (artifact id: '3b866a2d4449d75d79b320413376acb5') in 0.006256 seconds 
========================================================================
Received Import Request.
  Time since last request: 0.832491 seconds.
  path: Assets/HoudiniEngineAssetCache/Baked/plain_terrain_1_0/sop_admin.dev.plain_terrain.1.0/plain_terrain_1_0/output0/Terrain
  artifactKey: Guid(1411b81b8b1fbd9449c4b70cb4f011cc) Importer(815301076,1909f56bfc062723c751e8b465ee728b)
Start importing Assets/HoudiniEngineAssetCache/Baked/plain_terrain_1_0/sop_admin.dev.plain_terrain.1.0/plain_terrain_1_0/output0/Terrain using Guid(1411b81b8b1fbd9449c4b70cb4f011cc) Importer(815301076,1909f56bfc062723c751e8b465ee728b)  -> (artifact id: 'e0f950a972a4f28bfb9709c3c6f594f1') in 0.005529 seconds 
========================================================================
Received Import Request.
  Time since last request: 0.694276 seconds.
  path: Assets/HoudiniEngineAssetCache/Baked/plain_terrain_1_0/sop_admin.dev.plain_terrain.1.0/plain_terrain_1_0/output0/Terrain/Tile0
  artifactKey: Guid(90d83aba91a0b4647a937f0fe787f6ed) Importer(815301076,1909f56bfc062723c751e8b465ee728b)
Start importing Assets/HoudiniEngineAssetCache/Baked/plain_terrain_1_0/sop_admin.dev.plain_terrain.1.0/plain_terrain_1_0/output0/Terrain/Tile0 using Guid(90d83aba91a0b4647a937f0fe787f6ed) Importer(815301076,1909f56bfc062723c751e8b465ee728b)  -> (artifact id: '4ee5d8f7233b744d197aa2dc40b53b1b') in 0.006619 seconds 
========================================================================
Received Import Request.
  Time since last request: 0.128985 seconds.
  path: Assets/HoudiniEngineAssetCache/Baked/plain_terrain_1_0/sop_admin.dev.plain_terrain.1.0/plain_terrain_1_0/output0/Terrain/Tile0/TerrainData.asset
  artifactKey: Guid(de505703c8fa4f147919f2f643398e18) Importer(815301076,1909f56bfc062723c751e8b465ee728b)
Start importing Assets/HoudiniEngineAssetCache/Baked/plain_terrain_1_0/sop_admin.dev.plain_terrain.1.0/plain_terrain_1_0/output0/Terrain/Tile0/TerrainData.asset using Guid(de505703c8fa4f147919f2f643398e18) Importer(815301076,1909f56bfc062723c751e8b465ee728b)  -> (artifact id: 'bd0c3deb0773db1065bdbba34c1673d8') in 0.139833 seconds 
========================================================================
Received Import Request.
  Time since last request: 2.958350 seconds.
  path: Assets/HoudiniEngineAssetCache/Baked/plainscatter_1_1
  artifactKey: Guid(ec4069ab1c542b34ebe9fc96b68efece) Importer(815301076,1909f56bfc062723c751e8b465ee728b)
Start importing Assets/HoudiniEngineAssetCache/Baked/plainscatter_1_1 using Guid(ec4069ab1c542b34ebe9fc96b68efece) Importer(815301076,1909f56bfc062723c751e8b465ee728b)  -> (artifact id: '6630bcec870daf3324c670d5f7cb9f0d') in 0.005665 seconds 
========================================================================
Received Import Request.
  Time since last request: 32.982323 seconds.
  path: Assets/Geo/New Folder
  artifactKey: Guid(6231c20a3757378488e72cb3315f909d) Importer(815301076,1909f56bfc062723c751e8b465ee728b)
Start importing Assets/Geo/New Folder using Guid(6231c20a3757378488e72cb3315f909d) Importer(815301076,1909f56bfc062723c751e8b465ee728b)  -> (artifact id: 'b796f162810176dc40256c3165c7c735') in 0.005410 seconds 
========================================================================
Received Import Request.
  Time since last request: 9.407183 seconds.
  path: Assets/Geo/Prefabs
  artifactKey: Guid(6231c20a3757378488e72cb3315f909d) Importer(815301076,1909f56bfc062723c751e8b465ee728b)
Start importing Assets/Geo/Prefabs using Guid(6231c20a3757378488e72cb3315f909d) Importer(815301076,1909f56bfc062723c751e8b465ee728b)  -> (artifact id: 'c2e176043d8c24fdfe2e952cc6f84db4') in 0.005477 seconds 
