Using pre-set license
Built from '2021.3/staging' branch; Version is '2021.3.9f1 (ad3870b89536) revision 11352176'; Using compiler version '192829333'; Build Type 'Release'
OS: 'Windows 10  (10.0.19044) 64bit Professional' Language: 'en' Physical Memory: 65417 MB
BatchMode: 1, IsHumanControllingUs: 0, StartBugReporterOnCrash: 0, Is64bit: 1, IsPro: 1

COMMAND LINE ARGUMENTS:
C:\Program Files\Unity\Hub\Editor\2021.3.9f1\Editor\Unity.exe
-adb2
-batchMode
-noUpm
-name
AssetImportWorker3
-projectPath
C:/Users/Exo/Documents/GitHub/example_game/Game
-logFile
Logs/AssetImportWorker3.log
-srvPort
62423
Successfully changed project path to: C:/Users/Exo/Documents/GitHub/example_game/Game
C:/Users/Exo/Documents/GitHub/example_game/Game
[UnityMemory] Configuration Parameters - Can be set up in boot.config
    "memorysetup-bucket-allocator-granularity=16"
    "memorysetup-bucket-allocator-bucket-count=8"
    "memorysetup-bucket-allocator-block-size=33554432"
    "memorysetup-bucket-allocator-block-count=8"
    "memorysetup-main-allocator-block-size=16777216"
    "memorysetup-thread-allocator-block-size=16777216"
    "memorysetup-gfx-main-allocator-block-size=16777216"
    "memorysetup-gfx-thread-allocator-block-size=16777216"
    "memorysetup-cache-allocator-block-size=4194304"
    "memorysetup-typetree-allocator-block-size=2097152"
    "memorysetup-profiler-bucket-allocator-granularity=16"
    "memorysetup-profiler-bucket-allocator-bucket-count=8"
    "memorysetup-profiler-bucket-allocator-block-size=33554432"
    "memorysetup-profiler-bucket-allocator-block-count=8"
    "memorysetup-profiler-allocator-block-size=16777216"
    "memorysetup-profiler-editor-allocator-block-size=1048576"
    "memorysetup-temp-allocator-size-main=16777216"
    "memorysetup-job-temp-allocator-block-size=2097152"
    "memorysetup-job-temp-allocator-block-size-background=1048576"
    "memorysetup-job-temp-allocator-reduction-small-platforms=262144"
    "memorysetup-temp-allocator-size-background-worker=32768"
    "memorysetup-temp-allocator-size-job-worker=262144"
    "memorysetup-temp-allocator-size-preload-manager=33554432"
    "memorysetup-temp-allocator-size-nav-mesh-worker=65536"
    "memorysetup-temp-allocator-size-audio-worker=65536"
    "memorysetup-temp-allocator-size-cloud-worker=32768"
    "memorysetup-temp-allocator-size-gi-baking-worker=262144"
    "memorysetup-temp-allocator-size-gfx=262144"
Refreshing native plugins compatible for Editor in 94.22 ms, found 7 plugins.
Preloading 0 native plugins for Editor in 0.00 ms.
Initialize engine version: 2021.3.9f1 (ad3870b89536)
[Subsystems] Discovering subsystems at path C:/Program Files/Unity/Hub/Editor/2021.3.9f1/Editor/Data/Resources/UnitySubsystems
[Subsystems] Discovering subsystems at path C:/Users/Exo/Documents/GitHub/example_game/Game/Assets
GfxDevice: creating device client; threaded=0; jobified=0
Direct3D:
    Version:  Direct3D 11.0 [level 11.1]
    Renderer: NVIDIA GeForce RTX 3080 (ID=0x2216)
    Vendor:   NVIDIA
    VRAM:     10078 MB
    Driver:   31.0.15.1740
Initialize mono
Mono path[0] = 'C:/Program Files/Unity/Hub/Editor/2021.3.9f1/Editor/Data/Managed'
Mono path[1] = 'C:/Program Files/Unity/Hub/Editor/2021.3.9f1/Editor/Data/MonoBleedingEdge/lib/mono/unityjit-win32'
Mono config path = 'C:/Program Files/Unity/Hub/Editor/2021.3.9f1/Editor/Data/MonoBleedingEdge/etc'
Using monoOptions --debugger-agent=transport=dt_socket,embedding=1,server=y,suspend=n,address=127.0.0.1:56808
Begin MonoManager ReloadAssembly
Registering precompiled unity dll's ...
Register platform support module: C:/Program Files/Unity/Hub/Editor/2021.3.9f1/Editor/Data/PlaybackEngines/WebGLSupport/UnityEditor.WebGL.Extensions.dll
Register platform support module: C:/Program Files/Unity/Hub/Editor/2021.3.9f1/Editor/Data/PlaybackEngines/WindowsStandaloneSupport/UnityEditor.WindowsStandalone.Extensions.dll
Registered in 0.005376 seconds.
Native extension for WindowsStandalone target not found
Native extension for WebGL target not found
Refreshing native plugins compatible for Editor in 79.06 ms, found 7 plugins.
Preloading 0 native plugins for Editor in 0.00 ms.
Mono: successfully reloaded assembly
- Completed reload, in  0.464 seconds
Domain Reload Profiling:
	ReloadAssembly (464ms)
		BeginReloadAssembly (49ms)
			ExecutionOrderSort (0ms)
			DisableScriptedObjects (0ms)
			BackupInstance (0ms)
			ReleaseScriptingObjects (0ms)
			CreateAndSetChildDomain (0ms)
		EndReloadAssembly (336ms)
			LoadAssemblies (47ms)
			RebuildTransferFunctionScriptingTraits (0ms)
			SetupTypeCache (72ms)
			ReleaseScriptCaches (0ms)
			RebuildScriptCaches (18ms)
			SetupLoadedEditorAssemblies (211ms)
				LogAssemblyErrors (0ms)
				InitializePlatformSupportModulesInManaged (7ms)
				SetLoadedEditorAssemblies (0ms)
				RefreshPlugins (79ms)
				BeforeProcessingInitializeOnLoad (1ms)
				ProcessInitializeOnLoadAttributes (94ms)
				ProcessInitializeOnLoadMethodAttributes (30ms)
				AfterProcessingInitializeOnLoad (0ms)
				EditorAssembliesLoaded (0ms)
			ExecutionOrderSort2 (0ms)
			AwakeInstancesAfterBackupRestoration (0ms)
Platform modules already initialized, skipping
Registering precompiled user dll's ...
Registered in 0.005971 seconds.
Begin MonoManager ReloadAssembly
Symbol file LoadedFromMemory doesn't match image C:\Users\Exo\Documents\GitHub\example_game\Game\Library\PackageCache\com.unity.visualscripting@1.7.8\Editor\VisualScripting.Core\Dependencies\DotNetZip\Unity.VisualScripting.IonicZip.dll
Symbol file LoadedFromMemory doesn't match image C:\Users\Exo\Documents\GitHub\example_game\Game\Library\PackageCache\com.unity.visualscripting@1.7.8\Editor\VisualScripting.Core\Dependencies\YamlDotNet\Unity.VisualScripting.YamlDotNet.dll
Native extension for WindowsStandalone target not found
Native extension for WebGL target not found
Refreshing native plugins compatible for Editor in 81.43 ms, found 7 plugins.
Preloading 0 native plugins for Editor in 0.00 ms.
Mono: successfully reloaded assembly
- Completed reload, in  0.983 seconds
Domain Reload Profiling:
	ReloadAssembly (984ms)
		BeginReloadAssembly (74ms)
			ExecutionOrderSort (0ms)
			DisableScriptedObjects (4ms)
			BackupInstance (0ms)
			ReleaseScriptingObjects (0ms)
			CreateAndSetChildDomain (13ms)
		EndReloadAssembly (828ms)
			LoadAssemblies (60ms)
			RebuildTransferFunctionScriptingTraits (0ms)
			SetupTypeCache (197ms)
			ReleaseScriptCaches (1ms)
			RebuildScriptCaches (47ms)
			SetupLoadedEditorAssemblies (458ms)
				LogAssemblyErrors (0ms)
				InitializePlatformSupportModulesInManaged (4ms)
				SetLoadedEditorAssemblies (0ms)
				RefreshPlugins (81ms)
				BeforeProcessingInitializeOnLoad (75ms)
				ProcessInitializeOnLoadAttributes (235ms)
				ProcessInitializeOnLoadMethodAttributes (58ms)
				AfterProcessingInitializeOnLoad (4ms)
				EditorAssembliesLoaded (0ms)
			ExecutionOrderSort2 (0ms)
			AwakeInstancesAfterBackupRestoration (4ms)
Platform modules already initialized, skipping
========================================================================
Worker process is ready to serve import requests
Launched and connected shader compiler UnityShaderCompiler.exe after 0.02 seconds
Refreshing native plugins compatible for Editor in 0.79 ms, found 7 plugins.
Preloading 0 native plugins for Editor in 0.00 ms.
Unloading 5557 Unused Serialized files (Serialized files now loaded: 0)
Unloading 80 unused Assets / (1.8 MB). Loaded Objects now: 5997.
Memory consumption went from 233.9 MB to 232.1 MB.
Total: 3.370800 ms (FindLiveObjects: 0.375500 ms CreateObjectMapping: 0.281700 ms MarkObjects: 2.387300 ms  DeleteObjects: 0.325200 ms)

AssetImportParameters requested are different than current active one (requested -> active):
  custom:video-decoder-ogg-theora: a1e56fd34408186e4bbccfd4996cb3dc -> 
  custom:container-muxer-webm: aa71ff27fc2769a1b78a27578f13a17b -> 
  custom:container-demuxer-webm: 4f35f7cbe854078d1ac9338744f61a02 -> 
  custom:video-encoder-webm-vp8: eb34c28f22e8b96e1ab97ce403110664 -> 
  custom:audio-encoder-webm-vorbis: bf7c407c2cedff20999df2af8eb42d56 -> 
  custom:framework-win-MediaFoundation: 216162199b28c13a410421893ffa2e32 -> 
  custom:container-demuxer-ogg: 62fdf1f143b41e24485cea50d1cbac27 -> 
  custom:video-decoder-webm-vp8: 9c59270c3fd7afecdb556c50c9e8de78 -> 
  custom:audio-decoder-ogg-vorbis: bf7c407c2cedff20999df2af8eb42d56 -> 
========================================================================
Received Import Request.
  Time since last request: 13785.179576 seconds.
  path: Assets/Mat/Terrains/SubstanceMat/crustylava_graph_0_copy/crustylava_height.tga
  artifactKey: Guid(d0b26cdde161e204fa22fab55cd4586c) Importer(815301076,1909f56bfc062723c751e8b465ee728b)
Start importing Assets/Mat/Terrains/SubstanceMat/crustylava_graph_0_copy/crustylava_height.tga using Guid(d0b26cdde161e204fa22fab55cd4586c) Importer(815301076,1909f56bfc062723c751e8b465ee728b)  -> (artifact id: 'be60cfeef4620bb5e3317edfb0945c42') in 0.089893 seconds 
========================================================================
Received Import Request.
  Time since last request: 309.760991 seconds.
  path: Assets/Geo/Rocks/HoudiniGenRock/rockPillar02.fbx
  artifactKey: Guid(a287bf1a0b441db49a8750a7ff68444c) Importer(815301076,1909f56bfc062723c751e8b465ee728b)
Start importing Assets/Geo/Rocks/HoudiniGenRock/rockPillar02.fbx using Guid(a287bf1a0b441db49a8750a7ff68444c) Importer(815301076,1909f56bfc062723c751e8b465ee728b)  -> (artifact id: 'e4a6712ef9f522c217f334387d19b177') in 0.268998 seconds 
========================================================================
Received Import Request.
  Time since last request: 10.326081 seconds.
  path: Assets/Mat/Trees/M_GreenLeaf.mat
  artifactKey: Guid(08dff19c265d13444927dc8f2de3e115) Importer(815301076,1909f56bfc062723c751e8b465ee728b)
Start importing Assets/Mat/Trees/M_GreenLeaf.mat using Guid(08dff19c265d13444927dc8f2de3e115) Importer(815301076,1909f56bfc062723c751e8b465ee728b)  -> (artifact id: '0a6c26d20c83100ecca91d261a518aa6') in 0.033238 seconds 
========================================================================
Received Import Request.
  Time since last request: 0.000032 seconds.
  path: Assets/Mat/PlainScatterRocks/M_Rocks01.mat
  artifactKey: Guid(af9071cacbe39734b889711ec581bb6d) Importer(815301076,1909f56bfc062723c751e8b465ee728b)
Start importing Assets/Mat/PlainScatterRocks/M_Rocks01.mat using Guid(af9071cacbe39734b889711ec581bb6d) Importer(815301076,1909f56bfc062723c751e8b465ee728b)  -> (artifact id: '0995b90e6078e6afb82fd41fbfc79f78') in 0.046617 seconds 
========================================================================
Received Import Request.
  Time since last request: 0.000041 seconds.
  path: Assets/Mat/PlainScatterRocks/M_Rocks04.mat
  artifactKey: Guid(4732f9da029753b45983a81d1e43ebce) Importer(815301076,1909f56bfc062723c751e8b465ee728b)
Start importing Assets/Mat/PlainScatterRocks/M_Rocks04.mat using Guid(4732f9da029753b45983a81d1e43ebce) Importer(815301076,1909f56bfc062723c751e8b465ee728b)  -> (artifact id: 'be50a2340601c39f147d831698923ece') in 0.061917 seconds 
========================================================================
Received Import Request.
  Time since last request: 0.000036 seconds.
  path: Assets/Mat/PlainScatterRocks/M_Rocks02.mat
  artifactKey: Guid(5674703eb05b0af4fb693b460a491df3) Importer(815301076,1909f56bfc062723c751e8b465ee728b)
Start importing Assets/Mat/PlainScatterRocks/M_Rocks02.mat using Guid(5674703eb05b0af4fb693b460a491df3) Importer(815301076,1909f56bfc062723c751e8b465ee728b)  -> (artifact id: 'c5076882514199a82e789fa32a3131d1') in 0.065093 seconds 
========================================================================
Received Import Request.
  Time since last request: 0.000032 seconds.
  path: Assets/Mat/PlainScatterRocks/M_Rocks03.mat
  artifactKey: Guid(25666efb433005f4c8fa24298a7463d6) Importer(815301076,1909f56bfc062723c751e8b465ee728b)
Start importing Assets/Mat/PlainScatterRocks/M_Rocks03.mat using Guid(25666efb433005f4c8fa24298a7463d6) Importer(815301076,1909f56bfc062723c751e8b465ee728b)  -> (artifact id: 'e7cebf4e3fc8579a1086712471d69f7a') in 0.014912 seconds 
Editor requested this worker to shutdown with reason: Scaling down because of idle timeout
AssetImportWorker is now disconnected from the server
Process exiting
Exiting without the bug reporter. Application will terminate with return code 0