Using pre-set license
Built from '2021.3/staging' branch; Version is '2021.3.9f1 (ad3870b89536) revision 11352176'; Using compiler version '192829333'; Build Type 'Release'
OS: 'Windows 10  (10.0.19044) 64bit Professional' Language: 'en' Physical Memory: 65417 MB
BatchMode: 1, IsHumanControllingUs: 0, StartBugReporterOnCrash: 0, Is64bit: 1, IsPro: 1

COMMAND LINE ARGUMENTS:
C:\Program Files\Unity\Hub\Editor\2021.3.9f1\Editor\Unity.exe
-adb2
-batchMode
-noUpm
-name
AssetImportWorker4
-projectPath
C:/Users/Exo/Documents/GitHub/example_game/Game
-logFile
Logs/AssetImportWorker4.log
-srvPort
62423
Successfully changed project path to: C:/Users/Exo/Documents/GitHub/example_game/Game
C:/Users/Exo/Documents/GitHub/example_game/Game
[UnityMemory] Configuration Parameters - Can be set up in boot.config
    "memorysetup-bucket-allocator-granularity=16"
    "memorysetup-bucket-allocator-bucket-count=8"
    "memorysetup-bucket-allocator-block-size=33554432"
    "memorysetup-bucket-allocator-block-count=8"
    "memorysetup-main-allocator-block-size=16777216"
    "memorysetup-thread-allocator-block-size=16777216"
    "memorysetup-gfx-main-allocator-block-size=16777216"
    "memorysetup-gfx-thread-allocator-block-size=16777216"
    "memorysetup-cache-allocator-block-size=4194304"
    "memorysetup-typetree-allocator-block-size=2097152"
    "memorysetup-profiler-bucket-allocator-granularity=16"
    "memorysetup-profiler-bucket-allocator-bucket-count=8"
    "memorysetup-profiler-bucket-allocator-block-size=33554432"
    "memorysetup-profiler-bucket-allocator-block-count=8"
    "memorysetup-profiler-allocator-block-size=16777216"
    "memorysetup-profiler-editor-allocator-block-size=1048576"
    "memorysetup-temp-allocator-size-main=16777216"
    "memorysetup-job-temp-allocator-block-size=2097152"
    "memorysetup-job-temp-allocator-block-size-background=1048576"
    "memorysetup-job-temp-allocator-reduction-small-platforms=262144"
    "memorysetup-temp-allocator-size-background-worker=32768"
    "memorysetup-temp-allocator-size-job-worker=262144"
    "memorysetup-temp-allocator-size-preload-manager=33554432"
    "memorysetup-temp-allocator-size-nav-mesh-worker=65536"
    "memorysetup-temp-allocator-size-audio-worker=65536"
    "memorysetup-temp-allocator-size-cloud-worker=32768"
    "memorysetup-temp-allocator-size-gi-baking-worker=262144"
    "memorysetup-temp-allocator-size-gfx=262144"
Refreshing native plugins compatible for Editor in 95.35 ms, found 7 plugins.
Preloading 0 native plugins for Editor in 0.00 ms.
Initialize engine version: 2021.3.9f1 (ad3870b89536)
[Subsystems] Discovering subsystems at path C:/Program Files/Unity/Hub/Editor/2021.3.9f1/Editor/Data/Resources/UnitySubsystems
[Subsystems] Discovering subsystems at path C:/Users/Exo/Documents/GitHub/example_game/Game/Assets
GfxDevice: creating device client; threaded=0; jobified=0
Direct3D:
    Version:  Direct3D 11.0 [level 11.1]
    Renderer: NVIDIA GeForce RTX 3080 (ID=0x2216)
    Vendor:   NVIDIA
    VRAM:     10078 MB
    Driver:   31.0.15.1740
Initialize mono
Mono path[0] = 'C:/Program Files/Unity/Hub/Editor/2021.3.9f1/Editor/Data/Managed'
Mono path[1] = 'C:/Program Files/Unity/Hub/Editor/2021.3.9f1/Editor/Data/MonoBleedingEdge/lib/mono/unityjit-win32'
Mono config path = 'C:/Program Files/Unity/Hub/Editor/2021.3.9f1/Editor/Data/MonoBleedingEdge/etc'
Using monoOptions --debugger-agent=transport=dt_socket,embedding=1,server=y,suspend=n,address=127.0.0.1:56976
Begin MonoManager ReloadAssembly
Registering precompiled unity dll's ...
Register platform support module: C:/Program Files/Unity/Hub/Editor/2021.3.9f1/Editor/Data/PlaybackEngines/WebGLSupport/UnityEditor.WebGL.Extensions.dll
Register platform support module: C:/Program Files/Unity/Hub/Editor/2021.3.9f1/Editor/Data/PlaybackEngines/WindowsStandaloneSupport/UnityEditor.WindowsStandalone.Extensions.dll
Registered in 0.005175 seconds.
Native extension for WindowsStandalone target not found
Native extension for WebGL target not found
Refreshing native plugins compatible for Editor in 80.49 ms, found 7 plugins.
Preloading 0 native plugins for Editor in 0.00 ms.
Mono: successfully reloaded assembly
- Completed reload, in  0.483 seconds
Domain Reload Profiling:
	ReloadAssembly (483ms)
		BeginReloadAssembly (52ms)
			ExecutionOrderSort (0ms)
			DisableScriptedObjects (0ms)
			BackupInstance (0ms)
			ReleaseScriptingObjects (0ms)
			CreateAndSetChildDomain (0ms)
		EndReloadAssembly (345ms)
			LoadAssemblies (51ms)
			RebuildTransferFunctionScriptingTraits (0ms)
			SetupTypeCache (71ms)
			ReleaseScriptCaches (0ms)
			RebuildScriptCaches (18ms)
			SetupLoadedEditorAssemblies (218ms)
				LogAssemblyErrors (0ms)
				InitializePlatformSupportModulesInManaged (7ms)
				SetLoadedEditorAssemblies (0ms)
				RefreshPlugins (81ms)
				BeforeProcessingInitializeOnLoad (1ms)
				ProcessInitializeOnLoadAttributes (96ms)
				ProcessInitializeOnLoadMethodAttributes (33ms)
				AfterProcessingInitializeOnLoad (0ms)
				EditorAssembliesLoaded (0ms)
			ExecutionOrderSort2 (0ms)
			AwakeInstancesAfterBackupRestoration (0ms)
Platform modules already initialized, skipping
Registering precompiled user dll's ...
Registered in 0.005822 seconds.
Begin MonoManager ReloadAssembly
Symbol file LoadedFromMemory doesn't match image C:\Users\Exo\Documents\GitHub\example_game\Game\Library\PackageCache\com.unity.visualscripting@1.7.8\Editor\VisualScripting.Core\Dependencies\DotNetZip\Unity.VisualScripting.IonicZip.dll
Symbol file LoadedFromMemory doesn't match image C:\Users\Exo\Documents\GitHub\example_game\Game\Library\PackageCache\com.unity.visualscripting@1.7.8\Editor\VisualScripting.Core\Dependencies\YamlDotNet\Unity.VisualScripting.YamlDotNet.dll
Native extension for WindowsStandalone target not found
Native extension for WebGL target not found
Refreshing native plugins compatible for Editor in 90.41 ms, found 7 plugins.
Preloading 0 native plugins for Editor in 0.00 ms.
Mono: successfully reloaded assembly
- Completed reload, in  1.046 seconds
Domain Reload Profiling:
	ReloadAssembly (1046ms)
		BeginReloadAssembly (81ms)
			ExecutionOrderSort (0ms)
			DisableScriptedObjects (4ms)
			BackupInstance (0ms)
			ReleaseScriptingObjects (0ms)
			CreateAndSetChildDomain (15ms)
		EndReloadAssembly (882ms)
			LoadAssemblies (61ms)
			RebuildTransferFunctionScriptingTraits (0ms)
			SetupTypeCache (202ms)
			ReleaseScriptCaches (1ms)
			RebuildScriptCaches (61ms)
			SetupLoadedEditorAssemblies (478ms)
				LogAssemblyErrors (0ms)
				InitializePlatformSupportModulesInManaged (4ms)
				SetLoadedEditorAssemblies (0ms)
				RefreshPlugins (90ms)
				BeforeProcessingInitializeOnLoad (76ms)
				ProcessInitializeOnLoadAttributes (243ms)
				ProcessInitializeOnLoadMethodAttributes (59ms)
				AfterProcessingInitializeOnLoad (5ms)
				EditorAssembliesLoaded (0ms)
			ExecutionOrderSort2 (0ms)
			AwakeInstancesAfterBackupRestoration (4ms)
Platform modules already initialized, skipping
========================================================================
Worker process is ready to serve import requests
Launched and connected shader compiler UnityShaderCompiler.exe after 0.02 seconds
Refreshing native plugins compatible for Editor in 0.82 ms, found 7 plugins.
Preloading 0 native plugins for Editor in 0.00 ms.
Unloading 5557 Unused Serialized files (Serialized files now loaded: 0)
Unloading 80 unused Assets / (1.8 MB). Loaded Objects now: 5997.
Memory consumption went from 233.9 MB to 232.1 MB.
Total: 3.030800 ms (FindLiveObjects: 0.331100 ms CreateObjectMapping: 0.174700 ms MarkObjects: 2.230300 ms  DeleteObjects: 0.294100 ms)

AssetImportParameters requested are different than current active one (requested -> active):
  custom:video-decoder-ogg-theora: a1e56fd34408186e4bbccfd4996cb3dc -> 
  custom:container-muxer-webm: aa71ff27fc2769a1b78a27578f13a17b -> 
  custom:container-demuxer-webm: 4f35f7cbe854078d1ac9338744f61a02 -> 
  custom:video-encoder-webm-vp8: eb34c28f22e8b96e1ab97ce403110664 -> 
  custom:audio-encoder-webm-vorbis: bf7c407c2cedff20999df2af8eb42d56 -> 
  custom:framework-win-MediaFoundation: 216162199b28c13a410421893ffa2e32 -> 
  custom:container-demuxer-ogg: 62fdf1f143b41e24485cea50d1cbac27 -> 
  custom:video-decoder-webm-vp8: 9c59270c3fd7afecdb556c50c9e8de78 -> 
  custom:audio-decoder-ogg-vorbis: bf7c407c2cedff20999df2af8eb42d56 -> 
========================================================================
Received Import Request.
  Time since last request: 14125.201219 seconds.
  path: Assets/Geo/Rocks/HoudiniGenRock/rockPillar01.fbx
  artifactKey: Guid(bfe04785a87ad274ebf43fb6ea606e95) Importer(815301076,1909f56bfc062723c751e8b465ee728b)
Start importing Assets/Geo/Rocks/HoudiniGenRock/rockPillar01.fbx using Guid(bfe04785a87ad274ebf43fb6ea606e95) Importer(815301076,1909f56bfc062723c751e8b465ee728b)  -> (artifact id: '6676d581f2c90054556639e78fed72c2') in 0.278370 seconds 
========================================================================
Received Import Request.
  Time since last request: 28.400121 seconds.
  path: Assets/Geo/Rocks/HoudiniGenRock/rockPillar02.fbx
  artifactKey: Guid(a287bf1a0b441db49a8750a7ff68444c) Importer(815301076,1909f56bfc062723c751e8b465ee728b)
Start importing Assets/Geo/Rocks/HoudiniGenRock/rockPillar02.fbx using Guid(a287bf1a0b441db49a8750a7ff68444c) Importer(815301076,1909f56bfc062723c751e8b465ee728b)  -> (artifact id: '8ac304fd948002b360dea599a84fa780') in 0.178414 seconds 
========================================================================
Received Import Request.
  Time since last request: 16.381409 seconds.
  path: Assets/Geo/Rocks/HoudiniGenRock/rockPillar03.fbx
  artifactKey: Guid(20d480bfe8a683b4fbf3c8f56df6f13d) Importer(815301076,1909f56bfc062723c751e8b465ee728b)
Start importing Assets/Geo/Rocks/HoudiniGenRock/rockPillar03.fbx using Guid(20d480bfe8a683b4fbf3c8f56df6f13d) Importer(815301076,1909f56bfc062723c751e8b465ee728b)  -> (artifact id: '706aa4ea06052074c05cd08ed799ecab') in 0.169976 seconds 
========================================================================
Received Import Request.
  Time since last request: 14.459678 seconds.
  path: Assets/Geo/Rocks/HoudiniGenRock/rockPillar04.fbx
  artifactKey: Guid(328c0fd2cca0c0741bf796e2373dcd0e) Importer(815301076,1909f56bfc062723c751e8b465ee728b)
Start importing Assets/Geo/Rocks/HoudiniGenRock/rockPillar04.fbx using Guid(328c0fd2cca0c0741bf796e2373dcd0e) Importer(815301076,1909f56bfc062723c751e8b465ee728b)  -> (artifact id: '00cdb3fd81fe0c2c93def8d6bc87c82d') in 0.174809 seconds 
========================================================================
Received Import Request.
  Time since last request: 550.155491 seconds.
  path: Assets/Geo/Crystals/crystal01.fbx
  artifactKey: Guid(31d47d837c096fb47af47ccc595ffd56) Importer(815301076,1909f56bfc062723c751e8b465ee728b)
Start importing Assets/Geo/Crystals/crystal01.fbx using Guid(31d47d837c096fb47af47ccc595ffd56) Importer(815301076,1909f56bfc062723c751e8b465ee728b)  -> (artifact id: 'fe34e4afcedeef046c723d2756e7e865') in 0.045275 seconds 
========================================================================
Received Import Request.
  Time since last request: 1118.720300 seconds.
  path: Assets/Geo/Rocks/HoudiniGenRock/rockFormation01.fbx
  artifactKey: Guid(0a27dde9d34729c439d20b8a19174f1a) Importer(815301076,1909f56bfc062723c751e8b465ee728b)
Start importing Assets/Geo/Rocks/HoudiniGenRock/rockFormation01.fbx using Guid(0a27dde9d34729c439d20b8a19174f1a) Importer(815301076,1909f56bfc062723c751e8b465ee728b)  -> (artifact id: '6a9d00d6ccb278b9f46b4ff1eeee7144') in 0.110875 seconds 
========================================================================
Received Import Request.
  Time since last request: 95.827698 seconds.
  path: Assets/Geo/Rocks/HoudiniGenRock/rockFormation02.fbx
  artifactKey: Guid(9c4049d19ed92aa4db60bcf86a31cdec) Importer(815301076,1909f56bfc062723c751e8b465ee728b)
Start importing Assets/Geo/Rocks/HoudiniGenRock/rockFormation02.fbx using Guid(9c4049d19ed92aa4db60bcf86a31cdec) Importer(815301076,1909f56bfc062723c751e8b465ee728b)  -> (artifact id: '4544c185bc45cc4aac1b4fc6419c1562') in 0.056679 seconds 
========================================================================
Received Import Request.
  Time since last request: 0.000034 seconds.
  path: Assets/Geo/Rocks/HoudiniGenRock/rockFormation04.fbx
  artifactKey: Guid(efdf73af70c366c4697401629bfb3387) Importer(815301076,1909f56bfc062723c751e8b465ee728b)
Start importing Assets/Geo/Rocks/HoudiniGenRock/rockFormation04.fbx using Guid(efdf73af70c366c4697401629bfb3387) Importer(815301076,1909f56bfc062723c751e8b465ee728b)  -> (artifact id: 'b0a3867fc41f07d6aa008a6c1e3984f9') in 0.046849 seconds 
========================================================================
Received Import Request.
  Time since last request: 112.266273 seconds.
  path: Assets/Geo/Rocks/HoudiniGenRock/rockFormation01.fbx
  artifactKey: Guid(0a27dde9d34729c439d20b8a19174f1a) Importer(815301076,1909f56bfc062723c751e8b465ee728b)
Start importing Assets/Geo/Rocks/HoudiniGenRock/rockFormation01.fbx using Guid(0a27dde9d34729c439d20b8a19174f1a) Importer(815301076,1909f56bfc062723c751e8b465ee728b)  -> (artifact id: '3be7e4111aa82591a96842b929ab0d62') in 0.105403 seconds 
========================================================================
Received Import Request.
  Time since last request: 14.929866 seconds.
  path: Assets/Geo/Rocks/HoudiniGenRock/rockFormation01.fbx
  artifactKey: Guid(0a27dde9d34729c439d20b8a19174f1a) Importer(815301076,1909f56bfc062723c751e8b465ee728b)
Start importing Assets/Geo/Rocks/HoudiniGenRock/rockFormation01.fbx using Guid(0a27dde9d34729c439d20b8a19174f1a) Importer(815301076,1909f56bfc062723c751e8b465ee728b)  -> (artifact id: 'b27cea4ac506f013a039914725ae85b8') in 0.103676 seconds 
========================================================================
Received Import Request.
  Time since last request: 16.011094 seconds.
  path: Assets/Geo/Rocks/HoudiniGenRock/rockFormation02.fbx
  artifactKey: Guid(9c4049d19ed92aa4db60bcf86a31cdec) Importer(815301076,1909f56bfc062723c751e8b465ee728b)
Start importing Assets/Geo/Rocks/HoudiniGenRock/rockFormation02.fbx using Guid(9c4049d19ed92aa4db60bcf86a31cdec) Importer(815301076,1909f56bfc062723c751e8b465ee728b)  -> (artifact id: '538eaeb390a09358cb1f8f47d66d0373') in 0.081013 seconds 
========================================================================
Received Import Request.
  Time since last request: 12.438358 seconds.
  path: Assets/Geo/Rocks/HoudiniGenRock/rockFormation03.fbx
  artifactKey: Guid(9804d2fae6d17e649a3de3ac5cbf9ac7) Importer(815301076,1909f56bfc062723c751e8b465ee728b)
Start importing Assets/Geo/Rocks/HoudiniGenRock/rockFormation03.fbx using Guid(9804d2fae6d17e649a3de3ac5cbf9ac7) Importer(815301076,1909f56bfc062723c751e8b465ee728b)  -> (artifact id: 'b312e58d501f30a65e87dc062e5c9f33') in 0.159157 seconds 
========================================================================
Received Import Request.
  Time since last request: 13.357765 seconds.
  path: Assets/Geo/Rocks/HoudiniGenRock/rockFormation04.fbx
  artifactKey: Guid(efdf73af70c366c4697401629bfb3387) Importer(815301076,1909f56bfc062723c751e8b465ee728b)
Start importing Assets/Geo/Rocks/HoudiniGenRock/rockFormation04.fbx using Guid(efdf73af70c366c4697401629bfb3387) Importer(815301076,1909f56bfc062723c751e8b465ee728b)  -> (artifact id: 'f935934230b01ce998c304d56793ef9e') in 0.054783 seconds 
========================================================================
Received Import Request.
  Time since last request: 741.076187 seconds.
  path: Assets/Geo/Rocks/HoudiniGenRock/rockFormation01.fbx
  artifactKey: Guid(0a27dde9d34729c439d20b8a19174f1a) Importer(815301076,1909f56bfc062723c751e8b465ee728b)
Start importing Assets/Geo/Rocks/HoudiniGenRock/rockFormation01.fbx using Guid(0a27dde9d34729c439d20b8a19174f1a) Importer(815301076,1909f56bfc062723c751e8b465ee728b)  -> (artifact id: 'b6f87c034e1b8b4132e7de8706c09e5a') in 0.155389 seconds 
========================================================================
Received Import Request.
  Time since last request: 0.000052 seconds.
  path: Assets/Geo/Rocks/HoudiniGenRock/rockPillar04.fbx
  artifactKey: Guid(328c0fd2cca0c0741bf796e2373dcd0e) Importer(815301076,1909f56bfc062723c751e8b465ee728b)
Start importing Assets/Geo/Rocks/HoudiniGenRock/rockPillar04.fbx using Guid(328c0fd2cca0c0741bf796e2373dcd0e) Importer(815301076,1909f56bfc062723c751e8b465ee728b)  -> (artifact id: '221147e1658cbdcdd8aa836dc65c44c1') in 0.145846 seconds 
========================================================================
Received Import Request.
  Time since last request: 0.000037 seconds.
  path: Assets/Geo/Rocks/HoudiniGenRock/rockPillar01.fbx
  artifactKey: Guid(bfe04785a87ad274ebf43fb6ea606e95) Importer(815301076,1909f56bfc062723c751e8b465ee728b)
Start importing Assets/Geo/Rocks/HoudiniGenRock/rockPillar01.fbx using Guid(bfe04785a87ad274ebf43fb6ea606e95) Importer(815301076,1909f56bfc062723c751e8b465ee728b)  -> (artifact id: '2d83f5ca50159a23518a4c76acb086f1') in 0.060322 seconds 
========================================================================
Received Import Request.
  Time since last request: 0.000027 seconds.
  path: Assets/Geo/Rocks/HoudiniGenRock/rockPillar03.fbx
  artifactKey: Guid(20d480bfe8a683b4fbf3c8f56df6f13d) Importer(815301076,1909f56bfc062723c751e8b465ee728b)
Start importing Assets/Geo/Rocks/HoudiniGenRock/rockPillar03.fbx using Guid(20d480bfe8a683b4fbf3c8f56df6f13d) Importer(815301076,1909f56bfc062723c751e8b465ee728b)  -> (artifact id: '7700a7e9d72f29562f38b20c3b71b06b') in 0.068152 seconds 
Editor requested this worker to shutdown with reason: Scaling down because of idle timeout
AssetImportWorker is now disconnected from the server
Process exiting
Exiting without the bug reporter. Application will terminate with return code 0